INFO: Adding command minetweaker
INFO: Adding minetweaker command mfr
INFO: Adding Charged Certus Quartz Crystal to ore dictionary entry certusQuartzPure
INFO: Adding Pure Certus Quartz Crystal to ore dictionary entry certusQuartzPure
INFO: Adding Certus Quartz to ore dictionary entry certusQuartzPure
INFO: Removing 1 recipes
INFO: Removing 2 recipes
INFO: Removing 2 recipes
INFO: Removing 2 recipes
INFO: Removing 2 recipes
INFO: Removing 2 recipes
INFO: Removing 2 recipes
INFO: Removing 2 recipes
INFO: Removing 2 recipes
INFO: Removing 1 recipes
INFO: Removing 1 recipes
INFO: Removing 1 recipes
INFO: Removing 1 recipes
INFO: Removing 1 recipes
INFO: Removing 1 recipes
INFO: Removing 1 recipes
INFO: Removing 1 recipes
INFO: Removing 1 recipes
INFO: Removing 1 recipes
INFO: Removing 1 recipes
INFO: Removing 1 recipes
INFO: Removing 1 recipes
INFO: Removing 1 recipes
INFO: Removing 1 recipes
INFO: Removing 2 recipes
INFO: Removing 2 recipes
INFO: Removing 1 recipes
INFO: Removing 1 recipes
INFO: Removing 2 recipes
INFO: Removing 2 recipes
INFO: Removing 1 recipes
INFO: Removing 1 recipes
INFO: Removing 1 recipes
INFO: Removing 1 recipes
INFO: Removing 1 recipes
INFO: Removing 1 recipes
INFO: Removing 1 recipes
INFO: Removing 1 recipes
INFO: Removing 1 recipes
INFO: Removing 1 recipes
INFO: Removing 1 recipes
INFO: Removing 1 recipes
INFO: Removing 1 recipes
INFO: Removing 1 recipes
INFO: Removing 1 recipes
INFO: Removing 1 recipes
INFO: Removing 1 recipes
INFO: Removing 1 recipes
INFO: Removing 1 recipes
INFO: Removing 2 recipes
INFO: Removing 1 recipes
INFO: Adding recipe for ME Storage Housing
INFO: Adding recipe for View Cell
INFO: Adding recipe for 1k ME Storage Cell
INFO: Adding recipe for 1k ME Storage Cell
INFO: Adding recipe for 4k ME Storage Cell
INFO: Adding recipe for 4k ME Storage Cell
INFO: Adding recipe for 16k ME Storage Cell
INFO: Adding recipe for 16k ME Storage Cell
INFO: Adding recipe for 64k ME Storage Cell
INFO: Adding recipe for 64k ME Storage Cell
INFO: Adding recipe for 2³ Spatial Storage Cell
INFO: Adding recipe for 16³ Spatial Storage Cell
INFO: Adding recipe for 128³ Spatial Storage Cell
INFO: Adding recipe for 1k ME Storage Component
INFO: Adding recipe for 4k ME Storage Component
INFO: Adding recipe for 16k ME Storage Component
INFO: Adding recipe for 64k ME Storage Component
INFO: Adding recipe for 2³ Spatial Component
INFO: Adding recipe for 16³ Spatial Component
INFO: Adding recipe for 128³ Spatial Component
INFO: Adding recipe for Basic Card
INFO: Adding recipe for Advanced Card
INFO: Adding recipe for Biometric Card
INFO: Adding recipe for Formation Core
INFO: Adding recipe for Annihilation Core
INFO: Adding recipe for Wireless Booster
INFO: Adding wiremill recipe for <appliedenergistics2:item.ItemMultiPart:140> * 4
INFO: Adding recipe for Wireless Receiver
INFO: Adding recipe for Memory Card
INFO: Adding recipe for Illuminated Panel
INFO: Adding recipe for Illuminated Panel
INFO: Adding recipe for ME Import Bus
INFO: Adding recipe for ME Toggle Bus
INFO: Adding recipe for Unnamed
INFO: Adding recipe for ME Formation Plane
INFO: Adding recipe for P2P Tunnel - ME
INFO: Adding recipe for ME Annihilation Plane
INFO: Adding recipe for ME Export Bus
INFO: Adding recipe for Charger
INFO: Adding recipe for ME Drive
INFO: Adding recipe for Vibration Chamber
INFO: Adding recipe for Matter Condenser
INFO: Adding recipe for Cell Workbench
INFO: Adding recipe for Energy Cell
INFO: Adding recipe for ME Security Terminal
INFO: Adding recipe for Spatial Pylon
INFO: Adding recipe for ME IO Port
INFO: Adding recipe for ME Quantum Ring
INFO: Adding recipe for ME Quantum Link Chamber
INFO: Adding recipe for Spatial IO Port
INFO: Adding recipe for ME Chest
INFO: Adding recipe for Energy Acceptor
INFO: Adding recipe for Charged Quartz Fixture
INFO: Adding recipe for ME Interface
INFO: Adding recipe for ME Controller
INFO: Removing 1 recipes
INFO: Hiding item.agricraft:sprinklerItem in NEI
INFO: Removing 2 recipes
INFO: Removing 1 recipes
INFO: Adding recipe for Analyzer
INFO: Adding recipe for Analyzer
INFO: Adding recipe for Infuser
INFO: Removing 1 recipes
INFO: Removing 1 recipes
INFO: Adding recipe for Iron Bore Head
INFO: Adding recipe for Steel Bore Head
INFO: Removing 1 recipes
INFO: Adding recipe for Can
INFO: Removing 1 recipes
INFO: Removing 1 recipes
INFO: Adding compressor recipe for Wax Capsule
INFO: Adding compressor recipe for Refractory Capsule
INFO: Removing 0 recipes
INFO: Removing 1 recipes
INFO: Removing 0 recipes
INFO: Removing 1 recipes
INFO: Adding recipe for Charger
INFO: Removing 1 recipes
INFO: Adding recipe for Clock
INFO: Removing 1 recipes
INFO: Removing 1 recipes
INFO: Removing Thaumcraft Infusion Recipe for :Thaumium Crowbar
INFO: Adding recipe for Crowbar
INFO: Adding recipe for Reinforced Crowbar
INFO: Adding Thaumcraft Arcane Worktable Recipe for :Thaumium Crowbar
INFO: Refreshing Research: RC_Crowbar
INFO: Removing 1 recipes
INFO: Adding recipe for Digital Thermometer
INFO: Removing 1 recipes
INFO: Adding recipe for Enchantment Table
INFO: Removing 1 recipes
INFO: Removing 1 recipes
INFO: Removing 1 recipes
INFO: Removing 1 recipes
INFO: Adding recipe for Electrical Engine
INFO: Adding recipe for Peat-fired Engine
INFO: Adding recipe for Biogas Engine
INFO: Adding recipe for Clockwork Engine
INFO: Removing 1 recipes
INFO: Removing 1 recipes
INFO: Removing 1 recipes
INFO: Adding recipe for Hobbyist's Steam Engine
INFO: Adding recipe for Commercial Steam Engine
INFO: Adding recipe for Industrial Steam Engine
INFO: Removing 11 recipes
INFO: Removing 9 recipes
INFO: Removing 2 recipes
INFO: Removing 14 recipes
INFO: Removing 1 recipes
INFO: Removing 1 recipes
INFO: Adding recipe for Fluid Storage Housing
INFO: Adding recipe for Advanced Storage Housing
INFO: Adding recipe for ME 256k Storage
INFO: Adding recipe for ME 256k Storage
INFO: Adding recipe for ME 1024k Storage
INFO: Adding recipe for ME 1024k Storage
INFO: Adding recipe for ME 4096k Storage
INFO: Adding recipe for ME 4096k Storage
INFO: Adding recipe for ME 16384k Storage
INFO: Adding recipe for ME 16384k Storage
INFO: Adding recipe for ME 1k Fluid Storage
INFO: Adding recipe for ME 1k Fluid Storage
INFO: Adding recipe for ME 4k Fluid Storage
INFO: Adding recipe for ME 4k Fluid Storage
INFO: Adding recipe for ME 16k Fluid Storage
INFO: Adding recipe for ME 16k Fluid Storage
INFO: Adding recipe for ME 64k Fluid Storage
INFO: Adding recipe for ME 64k Fluid Storage
INFO: Adding recipe for ME 256k Fluid Storage
INFO: Adding recipe for ME 256k Fluid Storage
INFO: Adding recipe for ME 1024k Fluid Storage
INFO: Adding recipe for ME 1024k Fluid Storage
INFO: Adding recipe for ME 4096k Fluid Storage
INFO: Adding recipe for ME 4096k Fluid Storage
INFO: Adding recipe for 256k ME Storage Component
INFO: Adding recipe for 1024k ME Storage Component
INFO: Adding recipe for 4096k ME Storage Component
INFO: Adding recipe for 16384k ME Storage Component
INFO: Adding recipe for 1k ME Fluid Storage Component
INFO: Adding recipe for 4k ME Fluid Storage Component
INFO: Adding recipe for 16k ME Fluid Storage Component
INFO: Adding recipe for 64k ME Fluid Storage Component
INFO: Adding recipe for 256k ME Fluid Storage Component
INFO: Adding recipe for 1024k ME Fluid Storage Component
INFO: Adding recipe for 4096k ME Fluid Storage Component
INFO: Adding recipe for Walrus
INFO: Adding recipe for Certus Quartz Tank
INFO: Removing 11 recipes
INFO: Adding recipe for Farm Block
INFO: Adding recipe for Farm Block
INFO: Adding recipe for Farm Block
INFO: Adding recipe for Farm Block
INFO: Adding recipe for Farm Block
INFO: Adding recipe for Farm Block
INFO: Adding recipe for Farm Block
INFO: Adding recipe for Farm Block
INFO: Adding recipe for Farm Block
INFO: Adding recipe for Farm Block
INFO: Adding recipe for Farm Block
INFO: Removing 1 recipes
INFO: Adding recipe for Farm Control
INFO: Adding recipe for Farm Control
INFO: Adding recipe for Farm Control
INFO: Adding recipe for Farm Control
INFO: Adding recipe for Farm Control
INFO: Adding recipe for Farm Control
INFO: Adding recipe for Farm Control
INFO: Adding recipe for Farm Control
INFO: Adding recipe for Farm Control
INFO: Adding recipe for Farm Control
INFO: Adding recipe for Farm Control
INFO: Removing 1 recipes
INFO: Adding recipe for Sturdy Casing
INFO: Removing 1 recipes
INFO: Adding recipe for Carpenter
INFO: Removing 1 recipes
INFO: Adding recipe for Squeezer
INFO: Removing 1 recipes
INFO: Adding recipe for Centrifuge
INFO: Removing 1 recipes
INFO: Adding recipe for Fermenter
INFO: Removing 1 recipes
INFO: Adding recipe for Moistener
INFO: Removing 1 recipes
INFO: Adding recipe for Still
INFO: Removing 1 recipes
INFO: Adding recipe for Rainmaker
INFO: Removing 1 recipes
INFO: Removing 1 recipes
INFO: Removing 1 recipes
INFO: Removing 1 recipes
INFO: Removing 1 recipes
INFO: Removing 1 recipes
INFO: Removing 1 recipes
INFO: Removing 1 recipes
INFO: Removing 1 recipes
INFO: Removing 3 recipes
INFO: Removing 1 recipes
INFO: Hiding item.for.apiaristBag in NEI
INFO: Hiding item.for.lepidopteristBag in NEI
INFO: Hiding item.for.minerBag in NEI
INFO: Hiding item.for.diggerBag in NEI
INFO: Hiding item.for.foresterBag in NEI
INFO: Hiding item.for.hunterBag in NEI
INFO: Hiding item.for.adventurerBag in NEI
INFO: Hiding item.for.builderBag in NEI
INFO: Hiding item.railcraft.backpack.trackman.t1 in NEI
INFO: Hiding item.railcraft.backpack.apothecary.t1 in NEI
INFO: Hiding item.railcraft.backpack.iceman.t1 in NEI
INFO: Hiding item.for.minerBagT2 in NEI
INFO: Hiding item.for.diggerBagT2 in NEI
INFO: Hiding item.for.foresterBagT2 in NEI
INFO: Hiding item.for.hunterBagT2 in NEI
INFO: Hiding item.for.adventurerBagT2 in NEI
INFO: Hiding item.for.builderBagT2 in NEI
INFO: Hiding item.railcraft.backpack.trackman.t2 in NEI
INFO: Hiding item.railcraft.backpack.apothecary.t2 in NEI
INFO: Hiding item.railcraft.backpack.iceman.t2 in NEI
INFO: Removing 1 recipes
INFO: Adding recipe for Farm Gearbox
INFO: Adding recipe for Farm Gearbox
INFO: Adding recipe for Farm Gearbox
INFO: Adding recipe for Farm Gearbox
INFO: Adding recipe for Farm Gearbox
INFO: Adding recipe for Farm Gearbox
INFO: Adding recipe for Farm Gearbox
INFO: Adding recipe for Farm Gearbox
INFO: Adding recipe for Farm Gearbox
INFO: Adding recipe for Farm Gearbox
INFO: Adding recipe for Farm Gearbox
INFO: Removing 1 recipes
INFO: Adding recipe for Farm Hatch
INFO: Adding recipe for Farm Hatch
INFO: Adding recipe for Farm Hatch
INFO: Adding recipe for Farm Hatch
INFO: Adding recipe for Farm Hatch
INFO: Adding recipe for Farm Hatch
INFO: Adding recipe for Farm Hatch
INFO: Adding recipe for Farm Hatch
INFO: Adding recipe for Farm Hatch
INFO: Adding recipe for Farm Hatch
INFO: Adding recipe for Farm Hatch
INFO: Adding recipe for Iron Horse Armor
INFO: Adding recipe for Gold Horse Armor
INFO: Adding recipe for Diamond Horse Armor
INFO: Adding recipe for Name Tag
INFO: Hiding item.openblocks.cursor in NEI
INFO: Removing 1 recipes
INFO: Removing 1 recipes
INFO: Adding recipe for Item Cannon
INFO: Removing 1 recipes
INFO: Adding recipe for Luggage
INFO: Removing 1 recipes
INFO: Adding recipe for Paint Mixer
INFO: Removing 1 recipes
INFO: Adding recipe for Fan
INFO: Removing 1 recipes
INFO: Adding recipe for Tank
INFO: Removing 1 recipes
INFO: Adding recipe for Sonic Glasses
INFO: Clearing Research Pages from GOLEMIRON
INFO: Adding Research Page to GOLEMIRON
INFO: Setting localization for the key: gp.research_page.GOLEMIRON to Iron golems are tough and strong little constructs, capable of holding a single upgrade.<BR>Letting the magic do its work, combining memory, processing and materials end up creating a versatile construct, capable of many a task.<BR>Their weight causes them to sink in water, and they move quite slowly.
INFO: Clearing Research Pages from GOLEMTHAUMIUM
INFO: Adding Research Page to GOLEMTHAUMIUM
INFO: Setting localization for the key: gp.research_page.GOLEMTHAUMIUM to Thaumium golems are tougher than their iron counterpart, and is capable of getting 2 upgrades.<BR>They are highly resistant to magic damage.<BR>Their weight causes them to sink in water, and they move quite slowly.
INFO: Adding Research Page to GOLEMIRON
INFO: Adding Research Page to GOLEMTHAUMIUM
INFO: Removing 5 recipes
INFO: Adding recipe for Piston
INFO: Removing 1 recipes
INFO: Removing 1 recipes
INFO: Removing 1 furnace recipes
INFO: Removing 1 recipes
INFO: Removing 1 recipes
INFO: Removing 1 furnace recipes
INFO: Removing 1 recipes
INFO: Removing 1 furnace recipes
INFO: Removing 1 furnace recipes
INFO: Removing 1 furnace recipes
INFO: Adding alloy smelter recipe for <ProjRed|Core:projectred.core.part:13>
INFO: Adding alloy smelter recipe for <ProjRed|Core:projectred.core.part:14>
INFO: Adding assembler recipe for <ProjRed|Core:projectred.core.part> * 2
INFO: Hiding item.projectred.core.part.partboule in NEI
INFO: Hiding item.projectred.core.part.partsilicon in NEI
INFO: Hiding item.projectred.core.part.partredironcomp in NEI
INFO: Hiding item.projectred.core.part.partsandcoalcomp in NEI
INFO: Hiding item.projectred.core.part.partredsiliconcomp in NEI
INFO: Hiding item.projectred.core.part.partglowsiliconcomp in NEI
INFO: Removing 1 recipes
INFO: Removing 1 recipes
INFO: Removing 1 recipes
INFO: Removing 1 recipes
INFO: Removing 3 recipes
INFO: Removing 0 recipes
INFO: Removing 1 recipes
INFO: Removing 1 recipes
INFO: Removing 1 recipes
INFO: Removing 0 recipes
INFO: Removing 1 recipes
INFO: Removing 1 recipes
INFO: Removing 7 recipes
INFO: Adding recipe for Tunnel Bore
INFO: Adding recipe for Diamond Bore Head
INFO: Adding recipe for Steam Locomotive
INFO: Adding recipe for Undercutter Cart
INFO: Adding recipe for Track Relayer Cart
INFO: Adding wiremill recipe for <Railcraft:firestone.cut>
INFO: Adding compressor recipe for Block of Coal Coke
INFO: Removing 1 recipes
INFO: Adding recipe for Steam Oven
INFO: Removing 1 recipes
INFO: Adding recipe for Engraving Bench
INFO: Removing 1 recipes
INFO: Adding recipe for Feed Station
INFO: Removing 1 recipes
INFO: Adding recipe for Trade Station
INFO: Removing 1 recipes
INFO: Adding recipe for Steam Turbine Housing
INFO: Removing 0 recipes
INFO: Adding recipe for tile.railcraft.default.name
INFO: Removing 1 recipes
INFO: Adding recipe for Detector - Energy
INFO: Removing 1 recipes
INFO: Adding recipe for Adv. Item Loader
INFO: Removing 1 recipes
INFO: Adding recipe for Adv. Item Unloader
INFO: Removing 1 recipes
INFO: Adding recipe for Iron Tank Wall
INFO: Removing 2 recipes
INFO: Adding recipe for Iron Tank Gauge
INFO: Removing 2 recipes
INFO: Adding recipe for Iron Tank Valve
INFO: Removing 1 recipes
INFO: Adding recipe for Steel Tank Wall
INFO: Removing 1 recipes
INFO: Adding recipe for Steel Tank Gauge
INFO: Removing 1 recipes
INFO: Adding recipe for Steel Tank Valve
INFO: Removing 0 recipes
INFO: Adding recipe for Liquid Fueled Boiler Firebox
INFO: Removing 0 recipes
INFO: Adding recipe for Low Pressure Boiler Tank
INFO: Removing 0 recipes
INFO: Adding recipe for High Pressure Boiler Tank
INFO: Removing 1 recipes
INFO: Adding recipe for Raintank
INFO: Removing 1 recipes
INFO: Adding recipe for Bottler
INFO: Removing 1 recipes
INFO: Adding recipe for Water Tank Siding
INFO: Adding recipe for Water Tank Siding
INFO: Removing 1 recipes
INFO: Removing 1 recipes
INFO: Removing 1 recipes
INFO: Removing 1 recipes
INFO: Removing 1 recipes
INFO: Removing 1 recipes
INFO: Removing Thaumcraft Infusion Recipe for :Gold Cap
INFO: Removing Thaumcraft Infusion Recipe for :Copper Cap
INFO: Removing Thaumcraft Infusion Recipe for :Inert Silver Cap
INFO: Removing Thaumcraft Infusion Recipe for :Iron Golem
INFO: Removing Thaumcraft Infusion Recipe for :Thaumium Golem
INFO: Adding recipe for Iron Cap
INFO: Adding Thaumcraft Arcane Worktable Recipe for :Gold Cap
INFO: Refreshing Research: CAP_gold
INFO: Adding Thaumcraft Arcane Worktable Recipe for :Copper Cap
INFO: Refreshing Research: CAP_copper
INFO: Adding Thaumcraft Arcane Worktable Recipe for :Inert Silver Cap
INFO: Refreshing Research: CAP_silver
INFO: Adding Thaumcraft Arcane Worktable Recipe for :Inert Thaumium Cap
INFO: Refreshing Research: CAP_thaumium
INFO: Adding Thaumcraft Infusion Recipe for :Iron Golem
INFO: Adding Thaumcraft Infusion Recipe for :Thaumium Golem
INFO: Removing 1 recipes
INFO: Adding recipe for Red Sand
INFO: Adding recipe for Cobweb
INFO: Adding recipe for Compass
INFO: Removing Research Tab: RAILCRAFT
INFO: Orphaning Research: TRANSSILVER
INFO: Removing Research: TRANSSILVER
INFO: Orphaning Research: TRANSLEAD
INFO: Removing Research: TRANSLEAD
INFO: Orphaning Research: TRANSGOLD
INFO: Removing Research: TRANSGOLD
INFO: Orphaning Research: TRANSTIN
INFO: Removing Research: TRANSTIN
INFO: Orphaning Research: TRANSCOPPER
INFO: Removing Research: TRANSCOPPER
INFO: Orphaning Research: TRANSIRON
INFO: Removing Research: TRANSIRON
INFO: Orphaning Research: ELEMENTALSWORD
INFO: Removing Research: ELEMENTALSWORD
INFO: Orphaning Research: ELEMENTALHOE
INFO: Removing Research: ELEMENTALHOE
INFO: Orphaning Research: ELEMENTALAXE
INFO: Removing Research: ELEMENTALAXE
INFO: Orphaning Research: ELEMENTALSHOVEL
INFO: Removing Research: ELEMENTALSHOVEL
INFO: Orphaning Research: ELEMENTALPICK
INFO: Removing Research: ELEMENTALPICK
INFO: Orphaning Research: ARCANEBORE
INFO: Removing Research: ARCANEBORE
INFO: Orphaning Research: GOLEMCLAY
INFO: Removing Research: GOLEMCLAY
INFO: Orphaning Research: GOLEMSTONE
INFO: Removing Research: GOLEMSTONE
INFO: Orphaning Research: GOLEMWOOD
INFO: Removing Research: GOLEMWOOD
INFO: Orphaning Research: GOLEMTALLOW
INFO: Removing Research: GOLEMTALLOW
INFO: Orphaning Research: GOLEMFLESH
INFO: Removing Research: GOLEMFLESH
INFO: Orphaning Research: GOLEMSTRAW
INFO: Removing Research: GOLEMSTRAW
INFO: Setting tag for GOLEMIRON
INFO: Setting tag for GOLEMIRON
INFO: Moving Research GOLEMIRON to GOLEMANCY
INFO: Moving Research GOLEMFETTER to GOLEMANCY
INFO: Moving Research GOLEMTHAUMIUM to GOLEMANCY
INFO: Adding Prerequisites to HUNGRYCHEST
INFO: Adding Prerequisites to COREGATHER
INFO: Adding Prerequisites to GOLEMBELL
INFO: Adding Prerequisites to TRAVELTRUNK
INFO: Adding Prerequisites to GOLEMFETTER
INFO: Removing Rolling Machine Recipe for :Iron Plate
INFO: Removing Rolling Machine Recipe for :Steel Plate
INFO: Removing Rolling Machine Recipe for :Tin Plate
INFO: Adding Rolling Machine Recipe for :Iron Plate
INFO: Adding Rolling Machine Recipe for :Steel Plate
INFO: Adding recipe for Saddle
INFO: Removing 0 recipes
INFO: Removing 1 recipes
INFO: Removing 1 recipes
INFO: Adding recipe for Steel Tank Wall
INFO: Adding recipe for Steel Tank Gauge
INFO: Adding recipe for Steel Tank Valve
INFO: Removing 1 recipes
INFO: Adding recipe for Thaumometer
INFO: Refreshing Research: THAUMOMETER
INFO: Removing 1 recipes
INFO: Adding recipe for Thermal Monitor
INFO: Removing 1 recipes
INFO: Removing 1 recipes
INFO: Adding recipe for Thermometer
INFO: Adding recipe for Digital Thermometer
INFO: Removing 1 recipes
INFO: Adding recipe for Carpenter's Chisel
INFO: Removing 1 recipes
INFO: Adding recipe for Carpenter's Hammer
INFO: Removing 1 recipes
INFO: Hiding tile.TFUncraftingTable in NEI
INFO: Removing 1 recipes
INFO: Adding recipe for Farm Valve
INFO: Adding recipe for Farm Valve
INFO: Adding recipe for Farm Valve
INFO: Adding recipe for Farm Valve
INFO: Adding recipe for Farm Valve
INFO: Adding recipe for Farm Valve
INFO: Adding recipe for Farm Valve
INFO: Adding recipe for Farm Valve
INFO: Adding recipe for Farm Valve
INFO: Adding recipe for Farm Valve
INFO: Adding recipe for Farm Valve
INFO: Removing 1 recipes
INFO: Adding recipe for Worktable
INFO: Adding minetweaker command tooltips
INFO: Adding minetweaker command research
