[16:03:34] [main/INFO]: Setting user: QubicRage
[16:03:35] [Client thread/INFO]: LWJGL Version: 2.9.1
[16:03:53] [Client thread/INFO]: Reloading ResourceManager: Default, FMLFileResourcePack:Forge Mod Loader, FMLFileResourcePack:Minecraft Forge, FMLFileResourcePack:Not Enough Items, FMLFileResourcePack:Adventure Backpack, FMLFileResourcePack:AgriCraft, FMLFileResourcePack:Ancient Trees, FMLFileResourcePack:Antique Atlas, FMLFileResourcePack:AppleCore, FMLFileResourcePack:Applied Energistics 2, FMLFileResourcePack:BD Lib, FMLFileResourcePack:Better Foliage, FMLFileResourcePack:BetterStorage, FMLFileResourcePack:Better Title Screen, FMLFileResourcePack:BiblioCraft, FMLFileResourcePack:BiblioWoods Forestry Edition, FMLFileResourcePack:The BigTrees Mod, FMLFileResourcePack:Carpenter's Blocks, FMLFileResourcePack:Chisel, FMLFileResourcePack:Custom Main Menu, FMLFileResourcePack:Custom Ore Generation, FMLFileResourcePack:D3Core, FMLFileResourcePack:menagerie, FMLFileResourcePack:EnetBridge, FMLFileResourcePack:ExtraCells, FMLFileResourcePack:FastCraft, FMLFileResourcePack:Fast Leaf Decay, FMLFileResourcePack:Fog Nerf, FMLFileResourcePack:Forestry for Minecraft, FMLFileResourcePack:GenDustry, FMLFileResourcePack:GregTech, FMLFileResourcePack:Growthcraft Apples, FMLFileResourcePack:Growthcraft Bamboo, FMLFileResourcePack:Growthcraft Bees, FMLFileResourcePack:Growthcraft Cellar, FMLFileResourcePack:Growthcraft, FMLFileResourcePack:Growthcraft Grapes, FMLFileResourcePack:Growthcraft Hops, FMLFileResourcePack:Growthcraft Rice, FMLFileResourcePack:Nuclear Control 2, FMLFileResourcePack:iChunUtil, FMLFileResourcePack:Iguana Tweaks, FMLFileResourcePack:IHL Tools & Machines for IC2V2, FMLFileResourcePack:IndustrialCraft 2, FMLFileResourcePack:Inventory Tweaks, FMLFileResourcePack:JABBA, FMLFileResourcePack:A Kawaii Crop Mod, FMLFileResourcePack:Kore Sample, FMLFileResourcePack:MineTweaker 3, FMLFileResourcePack:ModpackTweaks, FMLFileResourcePack:NEI Addons, FMLFileResourcePack:NEI Addons: Botany, FMLFileResourcePack:NEI Addons: Forestry, FMLFileResourcePack:NEI Addons: Crafting Tables, FMLFileResourcePack:NEI Addons: Ex Nihilo, FMLFileResourcePack:NEI Integration, FMLFileResourcePack:NotEnoughCodecs, FMLFileResourcePack:NotEnoughKEys, FMLFileResourcePack:ObsidiPlates, FMLFileResourcePack:OpenBlocks, FMLFileResourcePack:OpenMods, FMLFileResourcePack:Geologica, FMLFileResourcePack:Chemica, FMLFileResourcePack:Plant Mega Pack, FMLFileResourcePack:ProjectRed, FMLFileResourcePack:ProjectRed-Compatibility, FMLFileResourcePack:ProjectRed-Integration, FMLFileResourcePack:ProjectRed-Transmission, FMLFileResourcePack:ProjectRed-Illumination, FMLFileResourcePack:Quick Hotbar, FMLFileResourcePack:Railcraft, FMLFileResourcePack:Reliquary, FMLFileResourcePack:Resource Loader, FMLFileResourcePack:Realistic World Gen Alpha, FMLFileResourcePack:Sampling Performance Profiler, FMLFileResourcePack:Smart Moving, FMLFileResourcePack:Smart Render, FMLFileResourcePack:Super Crafting Frame, FMLFileResourcePack:TC Node Tracker, FMLFileResourcePack:Thaumcraft, FMLFileResourcePack:Thaumcraft Mob Aspects, FMLFileResourcePack:Thaumcraft NEI Plugin, FMLFileResourcePack:Thaumic NEI, FMLFileResourcePack:Thirst Mod, FMLFileResourcePack:ttCore, FMLFileResourcePack:Waila, FMLFileResourcePack:WAILA Plugins, FMLFileResourcePack:WaslieCore, FMLFileResourcePack:Baubles, FMLFileResourcePack:Forge Microblocks, FMLFileResourcePack:Forge Multipart, FMLFileResourcePack:Minecraft Multipart Plugin, FMLFileResourcePack:libsandstone, FMLFileResourcePack:MrTJPCoreMod, Unity-JABBA-0.9.0.zip, pgtat_v1_23.zip, Unity-Minecraft-1.0.0.zip, Learn Gregtech Companion.zip
[16:03:53] [Client thread/WARN]: ResourcePack: ignored non-lowercase namespace: %s in %s
[16:03:53] [Client thread/WARN]: ResourcePack: ignored non-lowercase namespace: %s in %s
[16:03:53] [Client thread/WARN]: ResourcePack: ignored non-lowercase namespace: %s in %s
[16:03:53] [Client thread/WARN]: ResourcePack: ignored non-lowercase namespace: %s in %s
[16:03:53] [Client thread/WARN]: ResourcePack: ignored non-lowercase namespace: %s in %s
[16:03:53] [Client thread/WARN]: ResourcePack: ignored non-lowercase namespace: %s in %s
[16:03:53] [Client thread/WARN]: ResourcePack: ignored non-lowercase namespace: %s in %s
[16:03:53] [Client thread/WARN]: ResourcePack: ignored non-lowercase namespace: %s in %s
[16:03:53] [Client thread/WARN]: ResourcePack: ignored non-lowercase namespace: %s in %s
[16:03:53] [Client thread/WARN]: ResourcePack: ignored non-lowercase namespace: %s in %s
[16:03:53] [Client thread/WARN]: ResourcePack: ignored non-lowercase namespace: %s in %s
[16:04:35] [Sound Library Loader/INFO]: Sound engine started
[16:04:37] [Client thread/ERROR]: Using missing texture, unable to load missing_icon_block_210_agricraft:textures/blocks/sprinkler.png
java.io.FileNotFoundException: missing_icon_block_210_agricraft:textures/blocks/sprinkler.png
	at net.minecraft.client.resources.SimpleReloadableResourceManager.func_110536_a(SourceFile:58) ~[brg.class:?]
	at net.minecraft.client.renderer.texture.TextureMap.func_110571_b(TextureMap.java:125) [bpz.class:?]
	at net.minecraft.client.renderer.texture.TextureMap.func_110551_a(TextureMap.java:90) [bpz.class:?]
	at net.minecraft.client.renderer.texture.TextureManager.func_110579_a(SourceFile:72) [bqf.class:?]
	at net.minecraft.client.renderer.texture.TextureManager.func_110580_a(SourceFile:61) [bqf.class:?]
	at net.minecraft.client.renderer.texture.TextureManager.func_130088_a(SourceFile:52) [bqf.class:?]
	at net.minecraft.client.Minecraft.func_71384_a(Minecraft.java:537) [bao.class:?]
	at net.minecraft.client.Minecraft.func_99999_d(Minecraft.java:867) [bao.class:?]
	at net.minecraft.client.main.Main.main(SourceFile:148) [Main.class:?]
	at sun.reflect.NativeMethodAccessorImpl.invoke0(Native Method) ~[?:1.7.0_71]
	at sun.reflect.NativeMethodAccessorImpl.invoke(Unknown Source) ~[?:1.7.0_71]
	at sun.reflect.DelegatingMethodAccessorImpl.invoke(Unknown Source) ~[?:1.7.0_71]
	at java.lang.reflect.Method.invoke(Unknown Source) ~[?:1.7.0_71]
	at net.minecraft.launchwrapper.Launch.launch(Launch.java:135) [launchwrapper-1.11.jar:?]
	at net.minecraft.launchwrapper.Launch.main(Launch.java:28) [launchwrapper-1.11.jar:?]
[16:04:38] [Client thread/ERROR]: Using missing texture, unable to load missing_icon_block_208_agricraft:textures/blocks/waterTank.png
java.io.FileNotFoundException: missing_icon_block_208_agricraft:textures/blocks/waterTank.png
	at net.minecraft.client.resources.SimpleReloadableResourceManager.func_110536_a(SourceFile:58) ~[brg.class:?]
	at net.minecraft.client.renderer.texture.TextureMap.func_110571_b(TextureMap.java:125) [bpz.class:?]
	at net.minecraft.client.renderer.texture.TextureMap.func_110551_a(TextureMap.java:90) [bpz.class:?]
	at net.minecraft.client.renderer.texture.TextureManager.func_110579_a(SourceFile:72) [bqf.class:?]
	at net.minecraft.client.renderer.texture.TextureManager.func_110580_a(SourceFile:61) [bqf.class:?]
	at net.minecraft.client.renderer.texture.TextureManager.func_130088_a(SourceFile:52) [bqf.class:?]
	at net.minecraft.client.Minecraft.func_71384_a(Minecraft.java:537) [bao.class:?]
	at net.minecraft.client.Minecraft.func_99999_d(Minecraft.java:867) [bao.class:?]
	at net.minecraft.client.main.Main.main(SourceFile:148) [Main.class:?]
	at sun.reflect.NativeMethodAccessorImpl.invoke0(Native Method) ~[?:1.7.0_71]
	at sun.reflect.NativeMethodAccessorImpl.invoke(Unknown Source) ~[?:1.7.0_71]
	at sun.reflect.DelegatingMethodAccessorImpl.invoke(Unknown Source) ~[?:1.7.0_71]
	at java.lang.reflect.Method.invoke(Unknown Source) ~[?:1.7.0_71]
	at net.minecraft.launchwrapper.Launch.launch(Launch.java:135) [launchwrapper-1.11.jar:?]
	at net.minecraft.launchwrapper.Launch.main(Launch.java:28) [launchwrapper-1.11.jar:?]
[16:04:38] [Client thread/ERROR]: Using missing texture, unable to load extracells:textures/blocks/fluid.filler.png
java.io.FileNotFoundException: extracells:textures/blocks/fluid.filler.png
	at net.minecraft.client.resources.FallbackResourceManager.func_110536_a(SourceFile:51) ~[bqq.class:?]
	at net.minecraft.client.resources.SimpleReloadableResourceManager.func_110536_a(SourceFile:55) ~[brg.class:?]
	at net.minecraft.client.renderer.texture.TextureMap.func_110571_b(TextureMap.java:125) [bpz.class:?]
	at net.minecraft.client.renderer.texture.TextureMap.func_110551_a(TextureMap.java:90) [bpz.class:?]
	at net.minecraft.client.renderer.texture.TextureManager.func_110579_a(SourceFile:72) [bqf.class:?]
	at net.minecraft.client.renderer.texture.TextureManager.func_110580_a(SourceFile:61) [bqf.class:?]
	at net.minecraft.client.renderer.texture.TextureManager.func_130088_a(SourceFile:52) [bqf.class:?]
	at net.minecraft.client.Minecraft.func_71384_a(Minecraft.java:537) [bao.class:?]
	at net.minecraft.client.Minecraft.func_99999_d(Minecraft.java:867) [bao.class:?]
	at net.minecraft.client.main.Main.main(SourceFile:148) [Main.class:?]
	at sun.reflect.NativeMethodAccessorImpl.invoke0(Native Method) ~[?:1.7.0_71]
	at sun.reflect.NativeMethodAccessorImpl.invoke(Unknown Source) ~[?:1.7.0_71]
	at sun.reflect.DelegatingMethodAccessorImpl.invoke(Unknown Source) ~[?:1.7.0_71]
	at java.lang.reflect.Method.invoke(Unknown Source) ~[?:1.7.0_71]
	at net.minecraft.launchwrapper.Launch.launch(Launch.java:135) [launchwrapper-1.11.jar:?]
	at net.minecraft.launchwrapper.Launch.main(Launch.java:28) [launchwrapper-1.11.jar:?]
[16:04:38] [Client thread/ERROR]: Using missing texture, unable to load minecraft:textures/blocks/MISSING_ICON_BLOCK_955_grc.bambooSlab.png
java.io.FileNotFoundException: minecraft:textures/blocks/MISSING_ICON_BLOCK_955_grc.bambooSlab.png
	at net.minecraft.client.resources.FallbackResourceManager.func_110536_a(SourceFile:51) ~[bqq.class:?]
	at net.minecraft.client.resources.SimpleReloadableResourceManager.func_110536_a(SourceFile:55) ~[brg.class:?]
	at net.minecraft.client.renderer.texture.TextureMap.func_110571_b(TextureMap.java:125) [bpz.class:?]
	at net.minecraft.client.renderer.texture.TextureMap.func_110551_a(TextureMap.java:90) [bpz.class:?]
	at net.minecraft.client.renderer.texture.TextureManager.func_110579_a(SourceFile:72) [bqf.class:?]
	at net.minecraft.client.renderer.texture.TextureManager.func_110580_a(SourceFile:61) [bqf.class:?]
	at net.minecraft.client.renderer.texture.TextureManager.func_130088_a(SourceFile:52) [bqf.class:?]
	at net.minecraft.client.Minecraft.func_71384_a(Minecraft.java:537) [bao.class:?]
	at net.minecraft.client.Minecraft.func_99999_d(Minecraft.java:867) [bao.class:?]
	at net.minecraft.client.main.Main.main(SourceFile:148) [Main.class:?]
	at sun.reflect.NativeMethodAccessorImpl.invoke0(Native Method) ~[?:1.7.0_71]
	at sun.reflect.NativeMethodAccessorImpl.invoke(Unknown Source) ~[?:1.7.0_71]
	at sun.reflect.DelegatingMethodAccessorImpl.invoke(Unknown Source) ~[?:1.7.0_71]
	at java.lang.reflect.Method.invoke(Unknown Source) ~[?:1.7.0_71]
	at net.minecraft.launchwrapper.Launch.launch(Launch.java:135) [launchwrapper-1.11.jar:?]
	at net.minecraft.launchwrapper.Launch.main(Launch.java:28) [launchwrapper-1.11.jar:?]
[16:04:38] [Client thread/ERROR]: Using missing texture, unable to load minecraft:textures/blocks/MISSING_ICON_BLOCK_823_extracells.block.walrus.png
java.io.FileNotFoundException: minecraft:textures/blocks/MISSING_ICON_BLOCK_823_extracells.block.walrus.png
	at net.minecraft.client.resources.FallbackResourceManager.func_110536_a(SourceFile:51) ~[bqq.class:?]
	at net.minecraft.client.resources.SimpleReloadableResourceManager.func_110536_a(SourceFile:55) ~[brg.class:?]
	at net.minecraft.client.renderer.texture.TextureMap.func_110571_b(TextureMap.java:125) [bpz.class:?]
	at net.minecraft.client.renderer.texture.TextureMap.func_110551_a(TextureMap.java:90) [bpz.class:?]
	at net.minecraft.client.renderer.texture.TextureManager.func_110579_a(SourceFile:72) [bqf.class:?]
	at net.minecraft.client.renderer.texture.TextureManager.func_110580_a(SourceFile:61) [bqf.class:?]
	at net.minecraft.client.renderer.texture.TextureManager.func_130088_a(SourceFile:52) [bqf.class:?]
	at net.minecraft.client.Minecraft.func_71384_a(Minecraft.java:537) [bao.class:?]
	at net.minecraft.client.Minecraft.func_99999_d(Minecraft.java:867) [bao.class:?]
	at net.minecraft.client.main.Main.main(SourceFile:148) [Main.class:?]
	at sun.reflect.NativeMethodAccessorImpl.invoke0(Native Method) ~[?:1.7.0_71]
	at sun.reflect.NativeMethodAccessorImpl.invoke(Unknown Source) ~[?:1.7.0_71]
	at sun.reflect.DelegatingMethodAccessorImpl.invoke(Unknown Source) ~[?:1.7.0_71]
	at java.lang.reflect.Method.invoke(Unknown Source) ~[?:1.7.0_71]
	at net.minecraft.launchwrapper.Launch.launch(Launch.java:135) [launchwrapper-1.11.jar:?]
	at net.minecraft.launchwrapper.Launch.main(Launch.java:28) [launchwrapper-1.11.jar:?]
[16:04:38] [Client thread/ERROR]: Using missing texture, unable to load missing_icon_block_209_agricraft:textures/blocks/waterChannel.png
java.io.FileNotFoundException: missing_icon_block_209_agricraft:textures/blocks/waterChannel.png
	at net.minecraft.client.resources.SimpleReloadableResourceManager.func_110536_a(SourceFile:58) ~[brg.class:?]
	at net.minecraft.client.renderer.texture.TextureMap.func_110571_b(TextureMap.java:125) [bpz.class:?]
	at net.minecraft.client.renderer.texture.TextureMap.func_110551_a(TextureMap.java:90) [bpz.class:?]
	at net.minecraft.client.renderer.texture.TextureManager.func_110579_a(SourceFile:72) [bqf.class:?]
	at net.minecraft.client.renderer.texture.TextureManager.func_110580_a(SourceFile:61) [bqf.class:?]
	at net.minecraft.client.renderer.texture.TextureManager.func_130088_a(SourceFile:52) [bqf.class:?]
	at net.minecraft.client.Minecraft.func_71384_a(Minecraft.java:537) [bao.class:?]
	at net.minecraft.client.Minecraft.func_99999_d(Minecraft.java:867) [bao.class:?]
	at net.minecraft.client.main.Main.main(SourceFile:148) [Main.class:?]
	at sun.reflect.NativeMethodAccessorImpl.invoke0(Native Method) ~[?:1.7.0_71]
	at sun.reflect.NativeMethodAccessorImpl.invoke(Unknown Source) ~[?:1.7.0_71]
	at sun.reflect.DelegatingMethodAccessorImpl.invoke(Unknown Source) ~[?:1.7.0_71]
	at java.lang.reflect.Method.invoke(Unknown Source) ~[?:1.7.0_71]
	at net.minecraft.launchwrapper.Launch.launch(Launch.java:135) [launchwrapper-1.11.jar:?]
	at net.minecraft.launchwrapper.Launch.main(Launch.java:28) [launchwrapper-1.11.jar:?]
[16:04:39] [Client thread/ERROR]: Unable to parse metadata from agricraft:textures/blocks/seedAnalyzer.png
java.lang.RuntimeException: broken aspect ratio and not an animation
	at net.minecraft.client.renderer.texture.TextureAtlasSprite.func_147964_a(TextureAtlasSprite.java:215) ~[bqd.class:?]
	at net.minecraft.client.renderer.texture.TextureMap.func_110571_b(TextureMap.java:169) [bpz.class:?]
	at net.minecraft.client.renderer.texture.TextureMap.func_110551_a(TextureMap.java:90) [bpz.class:?]
	at net.minecraft.client.renderer.texture.TextureManager.func_110579_a(SourceFile:72) [bqf.class:?]
	at net.minecraft.client.renderer.texture.TextureManager.func_110580_a(SourceFile:61) [bqf.class:?]
	at net.minecraft.client.renderer.texture.TextureManager.func_130088_a(SourceFile:52) [bqf.class:?]
	at net.minecraft.client.Minecraft.func_71384_a(Minecraft.java:537) [bao.class:?]
	at net.minecraft.client.Minecraft.func_99999_d(Minecraft.java:867) [bao.class:?]
	at net.minecraft.client.main.Main.main(SourceFile:148) [Main.class:?]
	at sun.reflect.NativeMethodAccessorImpl.invoke0(Native Method) ~[?:1.7.0_71]
	at sun.reflect.NativeMethodAccessorImpl.invoke(Unknown Source) ~[?:1.7.0_71]
	at sun.reflect.DelegatingMethodAccessorImpl.invoke(Unknown Source) ~[?:1.7.0_71]
	at java.lang.reflect.Method.invoke(Unknown Source) ~[?:1.7.0_71]
	at net.minecraft.launchwrapper.Launch.launch(Launch.java:135) [launchwrapper-1.11.jar:?]
	at net.minecraft.launchwrapper.Launch.main(Launch.java:28) [launchwrapper-1.11.jar:?]
[16:04:39] [Client thread/ERROR]: Using missing texture, unable to load minecraft:textures/blocks/MISSING_ICON_BLOCK_954_grc.bambooSlab.png
java.io.FileNotFoundException: minecraft:textures/blocks/MISSING_ICON_BLOCK_954_grc.bambooSlab.png
	at net.minecraft.client.resources.FallbackResourceManager.func_110536_a(SourceFile:51) ~[bqq.class:?]
	at net.minecraft.client.resources.SimpleReloadableResourceManager.func_110536_a(SourceFile:55) ~[brg.class:?]
	at net.minecraft.client.renderer.texture.TextureMap.func_110571_b(TextureMap.java:125) [bpz.class:?]
	at net.minecraft.client.renderer.texture.TextureMap.func_110551_a(TextureMap.java:90) [bpz.class:?]
	at net.minecraft.client.renderer.texture.TextureManager.func_110579_a(SourceFile:72) [bqf.class:?]
	at net.minecraft.client.renderer.texture.TextureManager.func_110580_a(SourceFile:61) [bqf.class:?]
	at net.minecraft.client.renderer.texture.TextureManager.func_130088_a(SourceFile:52) [bqf.class:?]
	at net.minecraft.client.Minecraft.func_71384_a(Minecraft.java:537) [bao.class:?]
	at net.minecraft.client.Minecraft.func_99999_d(Minecraft.java:867) [bao.class:?]
	at net.minecraft.client.main.Main.main(SourceFile:148) [Main.class:?]
	at sun.reflect.NativeMethodAccessorImpl.invoke0(Native Method) ~[?:1.7.0_71]
	at sun.reflect.NativeMethodAccessorImpl.invoke(Unknown Source) ~[?:1.7.0_71]
	at sun.reflect.DelegatingMethodAccessorImpl.invoke(Unknown Source) ~[?:1.7.0_71]
	at java.lang.reflect.Method.invoke(Unknown Source) ~[?:1.7.0_71]
	at net.minecraft.launchwrapper.Launch.launch(Launch.java:135) [launchwrapper-1.11.jar:?]
	at net.minecraft.launchwrapper.Launch.main(Launch.java:28) [launchwrapper-1.11.jar:?]
[16:04:39] [Client thread/INFO]: Created: 2048x2048 textures/blocks-atlas
[16:04:41] [Client thread/ERROR]: Using missing texture, unable to load agricraft:textures/items/sprinklerItem.png
java.io.FileNotFoundException: agricraft:textures/items/sprinklerItem.png
	at net.minecraft.client.resources.FallbackResourceManager.func_110536_a(SourceFile:51) ~[bqq.class:?]
	at net.minecraft.client.resources.SimpleReloadableResourceManager.func_110536_a(SourceFile:55) ~[brg.class:?]
	at net.minecraft.client.renderer.texture.TextureMap.func_110571_b(TextureMap.java:125) [bpz.class:?]
	at net.minecraft.client.renderer.texture.TextureMap.func_110551_a(TextureMap.java:90) [bpz.class:?]
	at net.minecraft.client.renderer.texture.TextureManager.func_110579_a(SourceFile:72) [bqf.class:?]
	at net.minecraft.client.renderer.texture.TextureManager.func_110580_a(SourceFile:61) [bqf.class:?]
	at net.minecraft.client.renderer.texture.TextureManager.func_130088_a(SourceFile:52) [bqf.class:?]
	at net.minecraft.client.Minecraft.func_71384_a(Minecraft.java:538) [bao.class:?]
	at net.minecraft.client.Minecraft.func_99999_d(Minecraft.java:867) [bao.class:?]
	at net.minecraft.client.main.Main.main(SourceFile:148) [Main.class:?]
	at sun.reflect.NativeMethodAccessorImpl.invoke0(Native Method) ~[?:1.7.0_71]
	at sun.reflect.NativeMethodAccessorImpl.invoke(Unknown Source) ~[?:1.7.0_71]
	at sun.reflect.DelegatingMethodAccessorImpl.invoke(Unknown Source) ~[?:1.7.0_71]
	at java.lang.reflect.Method.invoke(Unknown Source) ~[?:1.7.0_71]
	at net.minecraft.launchwrapper.Launch.launch(Launch.java:135) [launchwrapper-1.11.jar:?]
	at net.minecraft.launchwrapper.Launch.main(Launch.java:28) [launchwrapper-1.11.jar:?]
[16:04:41] [Client thread/ERROR]: Using missing texture, unable to load minecraft:textures/items/MISSING_ICON_ITEM_4612_extracells.fluid.item.png
java.io.FileNotFoundException: minecraft:textures/items/MISSING_ICON_ITEM_4612_extracells.fluid.item.png
	at net.minecraft.client.resources.FallbackResourceManager.func_110536_a(SourceFile:51) ~[bqq.class:?]
	at net.minecraft.client.resources.SimpleReloadableResourceManager.func_110536_a(SourceFile:55) ~[brg.class:?]
	at net.minecraft.client.renderer.texture.TextureMap.func_110571_b(TextureMap.java:125) [bpz.class:?]
	at net.minecraft.client.renderer.texture.TextureMap.func_110551_a(TextureMap.java:90) [bpz.class:?]
	at net.minecraft.client.renderer.texture.TextureManager.func_110579_a(SourceFile:72) [bqf.class:?]
	at net.minecraft.client.renderer.texture.TextureManager.func_110580_a(SourceFile:61) [bqf.class:?]
	at net.minecraft.client.renderer.texture.TextureManager.func_130088_a(SourceFile:52) [bqf.class:?]
	at net.minecraft.client.Minecraft.func_71384_a(Minecraft.java:538) [bao.class:?]
	at net.minecraft.client.Minecraft.func_99999_d(Minecraft.java:867) [bao.class:?]
	at net.minecraft.client.main.Main.main(SourceFile:148) [Main.class:?]
	at sun.reflect.NativeMethodAccessorImpl.invoke0(Native Method) ~[?:1.7.0_71]
	at sun.reflect.NativeMethodAccessorImpl.invoke(Unknown Source) ~[?:1.7.0_71]
	at sun.reflect.DelegatingMethodAccessorImpl.invoke(Unknown Source) ~[?:1.7.0_71]
	at java.lang.reflect.Method.invoke(Unknown Source) ~[?:1.7.0_71]
	at net.minecraft.launchwrapper.Launch.launch(Launch.java:135) [launchwrapper-1.11.jar:?]
	at net.minecraft.launchwrapper.Launch.main(Launch.java:28) [launchwrapper-1.11.jar:?]
[16:04:41] [Client thread/ERROR]: Using missing texture, unable to load gregtech:textures/items/gt.metaitem.01/621.png
java.io.FileNotFoundException: gregtech:textures/items/gt.metaitem.01/621.png
	at net.minecraft.client.resources.FallbackResourceManager.func_110536_a(SourceFile:51) ~[bqq.class:?]
	at net.minecraft.client.resources.SimpleReloadableResourceManager.func_110536_a(SourceFile:55) ~[brg.class:?]
	at net.minecraft.client.renderer.texture.TextureMap.func_110571_b(TextureMap.java:125) [bpz.class:?]
	at net.minecraft.client.renderer.texture.TextureMap.func_110551_a(TextureMap.java:90) [bpz.class:?]
	at net.minecraft.client.renderer.texture.TextureManager.func_110579_a(SourceFile:72) [bqf.class:?]
	at net.minecraft.client.renderer.texture.TextureManager.func_110580_a(SourceFile:61) [bqf.class:?]
	at net.minecraft.client.renderer.texture.TextureManager.func_130088_a(SourceFile:52) [bqf.class:?]
	at net.minecraft.client.Minecraft.func_71384_a(Minecraft.java:538) [bao.class:?]
	at net.minecraft.client.Minecraft.func_99999_d(Minecraft.java:867) [bao.class:?]
	at net.minecraft.client.main.Main.main(SourceFile:148) [Main.class:?]
	at sun.reflect.NativeMethodAccessorImpl.invoke0(Native Method) ~[?:1.7.0_71]
	at sun.reflect.NativeMethodAccessorImpl.invoke(Unknown Source) ~[?:1.7.0_71]
	at sun.reflect.DelegatingMethodAccessorImpl.invoke(Unknown Source) ~[?:1.7.0_71]
	at java.lang.reflect.Method.invoke(Unknown Source) ~[?:1.7.0_71]
	at net.minecraft.launchwrapper.Launch.launch(Launch.java:135) [launchwrapper-1.11.jar:?]
	at net.minecraft.launchwrapper.Launch.main(Launch.java:28) [launchwrapper-1.11.jar:?]
[16:04:41] [Client thread/ERROR]: Using missing texture, unable to load gregtech:textures/items/gt.metaitem.01/620.png
java.io.FileNotFoundException: gregtech:textures/items/gt.metaitem.01/620.png
	at net.minecraft.client.resources.FallbackResourceManager.func_110536_a(SourceFile:51) ~[bqq.class:?]
	at net.minecraft.client.resources.SimpleReloadableResourceManager.func_110536_a(SourceFile:55) ~[brg.class:?]
	at net.minecraft.client.renderer.texture.TextureMap.func_110571_b(TextureMap.java:125) [bpz.class:?]
	at net.minecraft.client.renderer.texture.TextureMap.func_110551_a(TextureMap.java:90) [bpz.class:?]
	at net.minecraft.client.renderer.texture.TextureManager.func_110579_a(SourceFile:72) [bqf.class:?]
	at net.minecraft.client.renderer.texture.TextureManager.func_110580_a(SourceFile:61) [bqf.class:?]
	at net.minecraft.client.renderer.texture.TextureManager.func_130088_a(SourceFile:52) [bqf.class:?]
	at net.minecraft.client.Minecraft.func_71384_a(Minecraft.java:538) [bao.class:?]
	at net.minecraft.client.Minecraft.func_99999_d(Minecraft.java:867) [bao.class:?]
	at net.minecraft.client.main.Main.main(SourceFile:148) [Main.class:?]
	at sun.reflect.NativeMethodAccessorImpl.invoke0(Native Method) ~[?:1.7.0_71]
	at sun.reflect.NativeMethodAccessorImpl.invoke(Unknown Source) ~[?:1.7.0_71]
	at sun.reflect.DelegatingMethodAccessorImpl.invoke(Unknown Source) ~[?:1.7.0_71]
	at java.lang.reflect.Method.invoke(Unknown Source) ~[?:1.7.0_71]
	at net.minecraft.launchwrapper.Launch.launch(Launch.java:135) [launchwrapper-1.11.jar:?]
	at net.minecraft.launchwrapper.Launch.main(Launch.java:28) [launchwrapper-1.11.jar:?]
[16:04:41] [Client thread/ERROR]: Using missing texture, unable to load gregtech:textures/items/gt.metaitem.01/623.png
java.io.FileNotFoundException: gregtech:textures/items/gt.metaitem.01/623.png
	at net.minecraft.client.resources.FallbackResourceManager.func_110536_a(SourceFile:51) ~[bqq.class:?]
	at net.minecraft.client.resources.SimpleReloadableResourceManager.func_110536_a(SourceFile:55) ~[brg.class:?]
	at net.minecraft.client.renderer.texture.TextureMap.func_110571_b(TextureMap.java:125) [bpz.class:?]
	at net.minecraft.client.renderer.texture.TextureMap.func_110551_a(TextureMap.java:90) [bpz.class:?]
	at net.minecraft.client.renderer.texture.TextureManager.func_110579_a(SourceFile:72) [bqf.class:?]
	at net.minecraft.client.renderer.texture.TextureManager.func_110580_a(SourceFile:61) [bqf.class:?]
	at net.minecraft.client.renderer.texture.TextureManager.func_130088_a(SourceFile:52) [bqf.class:?]
	at net.minecraft.client.Minecraft.func_71384_a(Minecraft.java:538) [bao.class:?]
	at net.minecraft.client.Minecraft.func_99999_d(Minecraft.java:867) [bao.class:?]
	at net.minecraft.client.main.Main.main(SourceFile:148) [Main.class:?]
	at sun.reflect.NativeMethodAccessorImpl.invoke0(Native Method) ~[?:1.7.0_71]
	at sun.reflect.NativeMethodAccessorImpl.invoke(Unknown Source) ~[?:1.7.0_71]
	at sun.reflect.DelegatingMethodAccessorImpl.invoke(Unknown Source) ~[?:1.7.0_71]
	at java.lang.reflect.Method.invoke(Unknown Source) ~[?:1.7.0_71]
	at net.minecraft.launchwrapper.Launch.launch(Launch.java:135) [launchwrapper-1.11.jar:?]
	at net.minecraft.launchwrapper.Launch.main(Launch.java:28) [launchwrapper-1.11.jar:?]
[16:04:41] [Client thread/ERROR]: Using missing texture, unable to load gregtech:textures/items/gt.metaitem.01/622.png
java.io.FileNotFoundException: gregtech:textures/items/gt.metaitem.01/622.png
	at net.minecraft.client.resources.FallbackResourceManager.func_110536_a(SourceFile:51) ~[bqq.class:?]
	at net.minecraft.client.resources.SimpleReloadableResourceManager.func_110536_a(SourceFile:55) ~[brg.class:?]
	at net.minecraft.client.renderer.texture.TextureMap.func_110571_b(TextureMap.java:125) [bpz.class:?]
	at net.minecraft.client.renderer.texture.TextureMap.func_110551_a(TextureMap.java:90) [bpz.class:?]
	at net.minecraft.client.renderer.texture.TextureManager.func_110579_a(SourceFile:72) [bqf.class:?]
	at net.minecraft.client.renderer.texture.TextureManager.func_110580_a(SourceFile:61) [bqf.class:?]
	at net.minecraft.client.renderer.texture.TextureManager.func_130088_a(SourceFile:52) [bqf.class:?]
	at net.minecraft.client.Minecraft.func_71384_a(Minecraft.java:538) [bao.class:?]
	at net.minecraft.client.Minecraft.func_99999_d(Minecraft.java:867) [bao.class:?]
	at net.minecraft.client.main.Main.main(SourceFile:148) [Main.class:?]
	at sun.reflect.NativeMethodAccessorImpl.invoke0(Native Method) ~[?:1.7.0_71]
	at sun.reflect.NativeMethodAccessorImpl.invoke(Unknown Source) ~[?:1.7.0_71]
	at sun.reflect.DelegatingMethodAccessorImpl.invoke(Unknown Source) ~[?:1.7.0_71]
	at java.lang.reflect.Method.invoke(Unknown Source) ~[?:1.7.0_71]
	at net.minecraft.launchwrapper.Launch.launch(Launch.java:135) [launchwrapper-1.11.jar:?]
	at net.minecraft.launchwrapper.Launch.main(Launch.java:28) [launchwrapper-1.11.jar:?]
[16:04:41] [Client thread/ERROR]: Using missing texture, unable to load gregtech:textures/items/gt.metaitem.01/624.png
java.io.FileNotFoundException: gregtech:textures/items/gt.metaitem.01/624.png
	at net.minecraft.client.resources.FallbackResourceManager.func_110536_a(SourceFile:51) ~[bqq.class:?]
	at net.minecraft.client.resources.SimpleReloadableResourceManager.func_110536_a(SourceFile:55) ~[brg.class:?]
	at net.minecraft.client.renderer.texture.TextureMap.func_110571_b(TextureMap.java:125) [bpz.class:?]
	at net.minecraft.client.renderer.texture.TextureMap.func_110551_a(TextureMap.java:90) [bpz.class:?]
	at net.minecraft.client.renderer.texture.TextureManager.func_110579_a(SourceFile:72) [bqf.class:?]
	at net.minecraft.client.renderer.texture.TextureManager.func_110580_a(SourceFile:61) [bqf.class:?]
	at net.minecraft.client.renderer.texture.TextureManager.func_130088_a(SourceFile:52) [bqf.class:?]
	at net.minecraft.client.Minecraft.func_71384_a(Minecraft.java:538) [bao.class:?]
	at net.minecraft.client.Minecraft.func_99999_d(Minecraft.java:867) [bao.class:?]
	at net.minecraft.client.main.Main.main(SourceFile:148) [Main.class:?]
	at sun.reflect.NativeMethodAccessorImpl.invoke0(Native Method) ~[?:1.7.0_71]
	at sun.reflect.NativeMethodAccessorImpl.invoke(Unknown Source) ~[?:1.7.0_71]
	at sun.reflect.DelegatingMethodAccessorImpl.invoke(Unknown Source) ~[?:1.7.0_71]
	at java.lang.reflect.Method.invoke(Unknown Source) ~[?:1.7.0_71]
	at net.minecraft.launchwrapper.Launch.launch(Launch.java:135) [launchwrapper-1.11.jar:?]
	at net.minecraft.launchwrapper.Launch.main(Launch.java:28) [launchwrapper-1.11.jar:?]
[16:04:41] [Client thread/INFO]: Created: 1024x1024 textures/items-atlas
[16:06:26] [Client thread/INFO]: Reloading ResourceManager: Default, FMLFileResourcePack:Forge Mod Loader, FMLFileResourcePack:Minecraft Forge, FMLFileResourcePack:Not Enough Items, FMLFileResourcePack:Adventure Backpack, FMLFileResourcePack:AgriCraft, FMLFileResourcePack:Ancient Trees, FMLFileResourcePack:Antique Atlas, FMLFileResourcePack:AppleCore, FMLFileResourcePack:Applied Energistics 2, FMLFileResourcePack:BD Lib, FMLFileResourcePack:Better Foliage, FMLFileResourcePack:BetterStorage, FMLFileResourcePack:Better Title Screen, FMLFileResourcePack:BiblioCraft, FMLFileResourcePack:BiblioWoods Forestry Edition, FMLFileResourcePack:The BigTrees Mod, FMLFileResourcePack:Carpenter's Blocks, FMLFileResourcePack:Chisel, FMLFileResourcePack:Custom Main Menu, FMLFileResourcePack:Custom Ore Generation, FMLFileResourcePack:D3Core, FMLFileResourcePack:menagerie, FMLFileResourcePack:EnetBridge, FMLFileResourcePack:ExtraCells, FMLFileResourcePack:FastCraft, FMLFileResourcePack:Fast Leaf Decay, FMLFileResourcePack:Fog Nerf, FMLFileResourcePack:Forestry for Minecraft, FMLFileResourcePack:GenDustry, FMLFileResourcePack:GregTech, FMLFileResourcePack:Growthcraft Apples, FMLFileResourcePack:Growthcraft Bamboo, FMLFileResourcePack:Growthcraft Bees, FMLFileResourcePack:Growthcraft Cellar, FMLFileResourcePack:Growthcraft, FMLFileResourcePack:Growthcraft Grapes, FMLFileResourcePack:Growthcraft Hops, FMLFileResourcePack:Growthcraft Rice, FMLFileResourcePack:Nuclear Control 2, FMLFileResourcePack:iChunUtil, FMLFileResourcePack:Iguana Tweaks, FMLFileResourcePack:IHL Tools & Machines for IC2V2, FMLFileResourcePack:IndustrialCraft 2, FMLFileResourcePack:Inventory Tweaks, FMLFileResourcePack:JABBA, FMLFileResourcePack:A Kawaii Crop Mod, FMLFileResourcePack:Kore Sample, FMLFileResourcePack:MineTweaker 3, FMLFileResourcePack:ModpackTweaks, FMLFileResourcePack:NEI Addons, FMLFileResourcePack:NEI Addons: Botany, FMLFileResourcePack:NEI Addons: Forestry, FMLFileResourcePack:NEI Addons: Crafting Tables, FMLFileResourcePack:NEI Addons: Ex Nihilo, FMLFileResourcePack:NEI Integration, FMLFileResourcePack:NotEnoughCodecs, FMLFileResourcePack:NotEnoughKEys, FMLFileResourcePack:ObsidiPlates, FMLFileResourcePack:OpenBlocks, FMLFileResourcePack:OpenMods, FMLFileResourcePack:Geologica, FMLFileResourcePack:Chemica, FMLFileResourcePack:Plant Mega Pack, FMLFileResourcePack:ProjectRed, FMLFileResourcePack:ProjectRed-Compatibility, FMLFileResourcePack:ProjectRed-Integration, FMLFileResourcePack:ProjectRed-Transmission, FMLFileResourcePack:ProjectRed-Illumination, FMLFileResourcePack:Quick Hotbar, FMLFileResourcePack:Railcraft, FMLFileResourcePack:Reliquary, FMLFileResourcePack:Resource Loader, FMLFileResourcePack:Realistic World Gen Alpha, FMLFileResourcePack:Sampling Performance Profiler, FMLFileResourcePack:Smart Moving, FMLFileResourcePack:Smart Render, FMLFileResourcePack:Super Crafting Frame, FMLFileResourcePack:TC Node Tracker, FMLFileResourcePack:Thaumcraft, FMLFileResourcePack:Thaumcraft Mob Aspects, FMLFileResourcePack:Thaumcraft NEI Plugin, FMLFileResourcePack:Thaumic NEI, FMLFileResourcePack:Thirst Mod, FMLFileResourcePack:ttCore, FMLFileResourcePack:Waila, FMLFileResourcePack:WAILA Plugins, FMLFileResourcePack:WaslieCore, FMLFileResourcePack:Baubles, FMLFileResourcePack:Forge Microblocks, FMLFileResourcePack:Forge Multipart, FMLFileResourcePack:Minecraft Multipart Plugin, FMLFileResourcePack:libsandstone, FMLFileResourcePack:MrTJPCoreMod, CustomResources, FMLFileResourcePack:Carpenter's Blocks Cached Resources, Unity-JABBA-0.9.0.zip, pgtat_v1_23.zip, Unity-Minecraft-1.0.0.zip, Learn Gregtech Companion.zip
[16:06:26] [Client thread/WARN]: ResourcePack: ignored non-lowercase namespace: %s in %s
[16:06:26] [Client thread/WARN]: ResourcePack: ignored non-lowercase namespace: %s in %s
[16:06:26] [Client thread/WARN]: ResourcePack: ignored non-lowercase namespace: %s in %s
[16:06:26] [Client thread/WARN]: ResourcePack: ignored non-lowercase namespace: %s in %s
[16:06:26] [Client thread/WARN]: ResourcePack: ignored non-lowercase namespace: %s in %s
[16:06:26] [Client thread/WARN]: ResourcePack: ignored non-lowercase namespace: %s in %s
[16:06:26] [Client thread/WARN]: ResourcePack: ignored non-lowercase namespace: %s in %s
[16:06:26] [Client thread/WARN]: ResourcePack: ignored non-lowercase namespace: %s in %s
[16:06:26] [Client thread/WARN]: ResourcePack: ignored non-lowercase namespace: %s in %s
[16:06:26] [Client thread/WARN]: ResourcePack: ignored non-lowercase namespace: %s in %s
[16:06:26] [Client thread/WARN]: ResourcePack: ignored non-lowercase namespace: %s in %s
[16:06:26] [Client thread/ERROR]: Using missing texture, unable to load minecraft:textures/items/MISSING_ICON_ITEM_5151_itemAspect.png
java.io.FileNotFoundException: minecraft:textures/items/MISSING_ICON_ITEM_5151_itemAspect.png
	at net.minecraft.client.resources.FallbackResourceManager.func_110536_a(SourceFile:51) ~[bqq.class:?]
	at net.minecraft.client.resources.SimpleReloadableResourceManager.func_110536_a(SourceFile:55) ~[brg.class:?]
	at net.minecraft.client.renderer.texture.TextureMap.func_110571_b(TextureMap.java:125) [bpz.class:?]
	at net.minecraft.client.renderer.texture.TextureMap.func_110551_a(TextureMap.java:90) [bpz.class:?]
	at net.minecraft.client.renderer.texture.TextureManager.func_110579_a(SourceFile:72) [bqf.class:?]
	at net.minecraft.client.renderer.texture.TextureManager.func_110549_a(SourceFile:136) [bqf.class:?]
	at net.minecraft.client.resources.SimpleReloadableResourceManager.func_110544_b(SourceFile:104) [brg.class:?]
	at net.minecraft.client.resources.SimpleReloadableResourceManager.func_110541_a(SourceFile:92) [brg.class:?]
	at net.minecraft.client.Minecraft.func_110436_a(Minecraft.java:598) [bao.class:?]
	at cpw.mods.fml.client.FMLClientHandler.finishMinecraftLoading(FMLClientHandler.java:303) [FMLClientHandler.class:?]
	at net.minecraft.client.Minecraft.func_71384_a(Minecraft.java:541) [bao.class:?]
	at net.minecraft.client.Minecraft.func_99999_d(Minecraft.java:867) [bao.class:?]
	at net.minecraft.client.main.Main.main(SourceFile:148) [Main.class:?]
	at sun.reflect.NativeMethodAccessorImpl.invoke0(Native Method) ~[?:1.7.0_71]
	at sun.reflect.NativeMethodAccessorImpl.invoke(Unknown Source) ~[?:1.7.0_71]
	at sun.reflect.DelegatingMethodAccessorImpl.invoke(Unknown Source) ~[?:1.7.0_71]
	at java.lang.reflect.Method.invoke(Unknown Source) ~[?:1.7.0_71]
	at net.minecraft.launchwrapper.Launch.launch(Launch.java:135) [launchwrapper-1.11.jar:?]
	at net.minecraft.launchwrapper.Launch.main(Launch.java:28) [launchwrapper-1.11.jar:?]
[16:06:27] [Client thread/ERROR]: Using missing texture, unable to load agricraft:textures/items/sprinklerItem.png
java.io.FileNotFoundException: agricraft:textures/items/sprinklerItem.png
	at net.minecraft.client.resources.FallbackResourceManager.func_110536_a(SourceFile:51) ~[bqq.class:?]
	at net.minecraft.client.resources.SimpleReloadableResourceManager.func_110536_a(SourceFile:55) ~[brg.class:?]
	at net.minecraft.client.renderer.texture.TextureMap.func_110571_b(TextureMap.java:125) [bpz.class:?]
	at net.minecraft.client.renderer.texture.TextureMap.func_110551_a(TextureMap.java:90) [bpz.class:?]
	at net.minecraft.client.renderer.texture.TextureManager.func_110579_a(SourceFile:72) [bqf.class:?]
	at net.minecraft.client.renderer.texture.TextureManager.func_110549_a(SourceFile:136) [bqf.class:?]
	at net.minecraft.client.resources.SimpleReloadableResourceManager.func_110544_b(SourceFile:104) [brg.class:?]
	at net.minecraft.client.resources.SimpleReloadableResourceManager.func_110541_a(SourceFile:92) [brg.class:?]
	at net.minecraft.client.Minecraft.func_110436_a(Minecraft.java:598) [bao.class:?]
	at cpw.mods.fml.client.FMLClientHandler.finishMinecraftLoading(FMLClientHandler.java:303) [FMLClientHandler.class:?]
	at net.minecraft.client.Minecraft.func_71384_a(Minecraft.java:541) [bao.class:?]
	at net.minecraft.client.Minecraft.func_99999_d(Minecraft.java:867) [bao.class:?]
	at net.minecraft.client.main.Main.main(SourceFile:148) [Main.class:?]
	at sun.reflect.NativeMethodAccessorImpl.invoke0(Native Method) ~[?:1.7.0_71]
	at sun.reflect.NativeMethodAccessorImpl.invoke(Unknown Source) ~[?:1.7.0_71]
	at sun.reflect.DelegatingMethodAccessorImpl.invoke(Unknown Source) ~[?:1.7.0_71]
	at java.lang.reflect.Method.invoke(Unknown Source) ~[?:1.7.0_71]
	at net.minecraft.launchwrapper.Launch.launch(Launch.java:135) [launchwrapper-1.11.jar:?]
	at net.minecraft.launchwrapper.Launch.main(Launch.java:28) [launchwrapper-1.11.jar:?]
[16:06:27] [Client thread/ERROR]: Using missing texture, unable to load minecraft:textures/items/MISSING_ICON_ITEM_4612_extracells.fluid.item.png
java.io.FileNotFoundException: minecraft:textures/items/MISSING_ICON_ITEM_4612_extracells.fluid.item.png
	at net.minecraft.client.resources.FallbackResourceManager.func_110536_a(SourceFile:51) ~[bqq.class:?]
	at net.minecraft.client.resources.SimpleReloadableResourceManager.func_110536_a(SourceFile:55) ~[brg.class:?]
	at net.minecraft.client.renderer.texture.TextureMap.func_110571_b(TextureMap.java:125) [bpz.class:?]
	at net.minecraft.client.renderer.texture.TextureMap.func_110551_a(TextureMap.java:90) [bpz.class:?]
	at net.minecraft.client.renderer.texture.TextureManager.func_110579_a(SourceFile:72) [bqf.class:?]
	at net.minecraft.client.renderer.texture.TextureManager.func_110549_a(SourceFile:136) [bqf.class:?]
	at net.minecraft.client.resources.SimpleReloadableResourceManager.func_110544_b(SourceFile:104) [brg.class:?]
	at net.minecraft.client.resources.SimpleReloadableResourceManager.func_110541_a(SourceFile:92) [brg.class:?]
	at net.minecraft.client.Minecraft.func_110436_a(Minecraft.java:598) [bao.class:?]
	at cpw.mods.fml.client.FMLClientHandler.finishMinecraftLoading(FMLClientHandler.java:303) [FMLClientHandler.class:?]
	at net.minecraft.client.Minecraft.func_71384_a(Minecraft.java:541) [bao.class:?]
	at net.minecraft.client.Minecraft.func_99999_d(Minecraft.java:867) [bao.class:?]
	at net.minecraft.client.main.Main.main(SourceFile:148) [Main.class:?]
	at sun.reflect.NativeMethodAccessorImpl.invoke0(Native Method) ~[?:1.7.0_71]
	at sun.reflect.NativeMethodAccessorImpl.invoke(Unknown Source) ~[?:1.7.0_71]
	at sun.reflect.DelegatingMethodAccessorImpl.invoke(Unknown Source) ~[?:1.7.0_71]
	at java.lang.reflect.Method.invoke(Unknown Source) ~[?:1.7.0_71]
	at net.minecraft.launchwrapper.Launch.launch(Launch.java:135) [launchwrapper-1.11.jar:?]
	at net.minecraft.launchwrapper.Launch.main(Launch.java:28) [launchwrapper-1.11.jar:?]
[16:06:27] [Client thread/ERROR]: Using missing texture, unable to load gregtech:textures/items/gt.metaitem.01/621.png
java.io.FileNotFoundException: gregtech:textures/items/gt.metaitem.01/621.png
	at net.minecraft.client.resources.FallbackResourceManager.func_110536_a(SourceFile:51) ~[bqq.class:?]
	at net.minecraft.client.resources.SimpleReloadableResourceManager.func_110536_a(SourceFile:55) ~[brg.class:?]
	at net.minecraft.client.renderer.texture.TextureMap.func_110571_b(TextureMap.java:125) [bpz.class:?]
	at net.minecraft.client.renderer.texture.TextureMap.func_110551_a(TextureMap.java:90) [bpz.class:?]
	at net.minecraft.client.renderer.texture.TextureManager.func_110579_a(SourceFile:72) [bqf.class:?]
	at net.minecraft.client.renderer.texture.TextureManager.func_110549_a(SourceFile:136) [bqf.class:?]
	at net.minecraft.client.resources.SimpleReloadableResourceManager.func_110544_b(SourceFile:104) [brg.class:?]
	at net.minecraft.client.resources.SimpleReloadableResourceManager.func_110541_a(SourceFile:92) [brg.class:?]
	at net.minecraft.client.Minecraft.func_110436_a(Minecraft.java:598) [bao.class:?]
	at cpw.mods.fml.client.FMLClientHandler.finishMinecraftLoading(FMLClientHandler.java:303) [FMLClientHandler.class:?]
	at net.minecraft.client.Minecraft.func_71384_a(Minecraft.java:541) [bao.class:?]
	at net.minecraft.client.Minecraft.func_99999_d(Minecraft.java:867) [bao.class:?]
	at net.minecraft.client.main.Main.main(SourceFile:148) [Main.class:?]
	at sun.reflect.NativeMethodAccessorImpl.invoke0(Native Method) ~[?:1.7.0_71]
	at sun.reflect.NativeMethodAccessorImpl.invoke(Unknown Source) ~[?:1.7.0_71]
	at sun.reflect.DelegatingMethodAccessorImpl.invoke(Unknown Source) ~[?:1.7.0_71]
	at java.lang.reflect.Method.invoke(Unknown Source) ~[?:1.7.0_71]
	at net.minecraft.launchwrapper.Launch.launch(Launch.java:135) [launchwrapper-1.11.jar:?]
	at net.minecraft.launchwrapper.Launch.main(Launch.java:28) [launchwrapper-1.11.jar:?]
[16:06:27] [Client thread/ERROR]: Using missing texture, unable to load gregtech:textures/items/gt.metaitem.01/620.png
java.io.FileNotFoundException: gregtech:textures/items/gt.metaitem.01/620.png
	at net.minecraft.client.resources.FallbackResourceManager.func_110536_a(SourceFile:51) ~[bqq.class:?]
	at net.minecraft.client.resources.SimpleReloadableResourceManager.func_110536_a(SourceFile:55) ~[brg.class:?]
	at net.minecraft.client.renderer.texture.TextureMap.func_110571_b(TextureMap.java:125) [bpz.class:?]
	at net.minecraft.client.renderer.texture.TextureMap.func_110551_a(TextureMap.java:90) [bpz.class:?]
	at net.minecraft.client.renderer.texture.TextureManager.func_110579_a(SourceFile:72) [bqf.class:?]
	at net.minecraft.client.renderer.texture.TextureManager.func_110549_a(SourceFile:136) [bqf.class:?]
	at net.minecraft.client.resources.SimpleReloadableResourceManager.func_110544_b(SourceFile:104) [brg.class:?]
	at net.minecraft.client.resources.SimpleReloadableResourceManager.func_110541_a(SourceFile:92) [brg.class:?]
	at net.minecraft.client.Minecraft.func_110436_a(Minecraft.java:598) [bao.class:?]
	at cpw.mods.fml.client.FMLClientHandler.finishMinecraftLoading(FMLClientHandler.java:303) [FMLClientHandler.class:?]
	at net.minecraft.client.Minecraft.func_71384_a(Minecraft.java:541) [bao.class:?]
	at net.minecraft.client.Minecraft.func_99999_d(Minecraft.java:867) [bao.class:?]
	at net.minecraft.client.main.Main.main(SourceFile:148) [Main.class:?]
	at sun.reflect.NativeMethodAccessorImpl.invoke0(Native Method) ~[?:1.7.0_71]
	at sun.reflect.NativeMethodAccessorImpl.invoke(Unknown Source) ~[?:1.7.0_71]
	at sun.reflect.DelegatingMethodAccessorImpl.invoke(Unknown Source) ~[?:1.7.0_71]
	at java.lang.reflect.Method.invoke(Unknown Source) ~[?:1.7.0_71]
	at net.minecraft.launchwrapper.Launch.launch(Launch.java:135) [launchwrapper-1.11.jar:?]
	at net.minecraft.launchwrapper.Launch.main(Launch.java:28) [launchwrapper-1.11.jar:?]
[16:06:27] [Client thread/ERROR]: Using missing texture, unable to load gregtech:textures/items/gt.metaitem.01/623.png
java.io.FileNotFoundException: gregtech:textures/items/gt.metaitem.01/623.png
	at net.minecraft.client.resources.FallbackResourceManager.func_110536_a(SourceFile:51) ~[bqq.class:?]
	at net.minecraft.client.resources.SimpleReloadableResourceManager.func_110536_a(SourceFile:55) ~[brg.class:?]
	at net.minecraft.client.renderer.texture.TextureMap.func_110571_b(TextureMap.java:125) [bpz.class:?]
	at net.minecraft.client.renderer.texture.TextureMap.func_110551_a(TextureMap.java:90) [bpz.class:?]
	at net.minecraft.client.renderer.texture.TextureManager.func_110579_a(SourceFile:72) [bqf.class:?]
	at net.minecraft.client.renderer.texture.TextureManager.func_110549_a(SourceFile:136) [bqf.class:?]
	at net.minecraft.client.resources.SimpleReloadableResourceManager.func_110544_b(SourceFile:104) [brg.class:?]
	at net.minecraft.client.resources.SimpleReloadableResourceManager.func_110541_a(SourceFile:92) [brg.class:?]
	at net.minecraft.client.Minecraft.func_110436_a(Minecraft.java:598) [bao.class:?]
	at cpw.mods.fml.client.FMLClientHandler.finishMinecraftLoading(FMLClientHandler.java:303) [FMLClientHandler.class:?]
	at net.minecraft.client.Minecraft.func_71384_a(Minecraft.java:541) [bao.class:?]
	at net.minecraft.client.Minecraft.func_99999_d(Minecraft.java:867) [bao.class:?]
	at net.minecraft.client.main.Main.main(SourceFile:148) [Main.class:?]
	at sun.reflect.NativeMethodAccessorImpl.invoke0(Native Method) ~[?:1.7.0_71]
	at sun.reflect.NativeMethodAccessorImpl.invoke(Unknown Source) ~[?:1.7.0_71]
	at sun.reflect.DelegatingMethodAccessorImpl.invoke(Unknown Source) ~[?:1.7.0_71]
	at java.lang.reflect.Method.invoke(Unknown Source) ~[?:1.7.0_71]
	at net.minecraft.launchwrapper.Launch.launch(Launch.java:135) [launchwrapper-1.11.jar:?]
	at net.minecraft.launchwrapper.Launch.main(Launch.java:28) [launchwrapper-1.11.jar:?]
[16:06:27] [Client thread/ERROR]: Using missing texture, unable to load gregtech:textures/items/gt.metaitem.01/622.png
java.io.FileNotFoundException: gregtech:textures/items/gt.metaitem.01/622.png
	at net.minecraft.client.resources.FallbackResourceManager.func_110536_a(SourceFile:51) ~[bqq.class:?]
	at net.minecraft.client.resources.SimpleReloadableResourceManager.func_110536_a(SourceFile:55) ~[brg.class:?]
	at net.minecraft.client.renderer.texture.TextureMap.func_110571_b(TextureMap.java:125) [bpz.class:?]
	at net.minecraft.client.renderer.texture.TextureMap.func_110551_a(TextureMap.java:90) [bpz.class:?]
	at net.minecraft.client.renderer.texture.TextureManager.func_110579_a(SourceFile:72) [bqf.class:?]
	at net.minecraft.client.renderer.texture.TextureManager.func_110549_a(SourceFile:136) [bqf.class:?]
	at net.minecraft.client.resources.SimpleReloadableResourceManager.func_110544_b(SourceFile:104) [brg.class:?]
	at net.minecraft.client.resources.SimpleReloadableResourceManager.func_110541_a(SourceFile:92) [brg.class:?]
	at net.minecraft.client.Minecraft.func_110436_a(Minecraft.java:598) [bao.class:?]
	at cpw.mods.fml.client.FMLClientHandler.finishMinecraftLoading(FMLClientHandler.java:303) [FMLClientHandler.class:?]
	at net.minecraft.client.Minecraft.func_71384_a(Minecraft.java:541) [bao.class:?]
	at net.minecraft.client.Minecraft.func_99999_d(Minecraft.java:867) [bao.class:?]
	at net.minecraft.client.main.Main.main(SourceFile:148) [Main.class:?]
	at sun.reflect.NativeMethodAccessorImpl.invoke0(Native Method) ~[?:1.7.0_71]
	at sun.reflect.NativeMethodAccessorImpl.invoke(Unknown Source) ~[?:1.7.0_71]
	at sun.reflect.DelegatingMethodAccessorImpl.invoke(Unknown Source) ~[?:1.7.0_71]
	at java.lang.reflect.Method.invoke(Unknown Source) ~[?:1.7.0_71]
	at net.minecraft.launchwrapper.Launch.launch(Launch.java:135) [launchwrapper-1.11.jar:?]
	at net.minecraft.launchwrapper.Launch.main(Launch.java:28) [launchwrapper-1.11.jar:?]
[16:06:27] [Client thread/ERROR]: Using missing texture, unable to load gregtech:textures/items/gt.metaitem.01/624.png
java.io.FileNotFoundException: gregtech:textures/items/gt.metaitem.01/624.png
	at net.minecraft.client.resources.FallbackResourceManager.func_110536_a(SourceFile:51) ~[bqq.class:?]
	at net.minecraft.client.resources.SimpleReloadableResourceManager.func_110536_a(SourceFile:55) ~[brg.class:?]
	at net.minecraft.client.renderer.texture.TextureMap.func_110571_b(TextureMap.java:125) [bpz.class:?]
	at net.minecraft.client.renderer.texture.TextureMap.func_110551_a(TextureMap.java:90) [bpz.class:?]
	at net.minecraft.client.renderer.texture.TextureManager.func_110579_a(SourceFile:72) [bqf.class:?]
	at net.minecraft.client.renderer.texture.TextureManager.func_110549_a(SourceFile:136) [bqf.class:?]
	at net.minecraft.client.resources.SimpleReloadableResourceManager.func_110544_b(SourceFile:104) [brg.class:?]
	at net.minecraft.client.resources.SimpleReloadableResourceManager.func_110541_a(SourceFile:92) [brg.class:?]
	at net.minecraft.client.Minecraft.func_110436_a(Minecraft.java:598) [bao.class:?]
	at cpw.mods.fml.client.FMLClientHandler.finishMinecraftLoading(FMLClientHandler.java:303) [FMLClientHandler.class:?]
	at net.minecraft.client.Minecraft.func_71384_a(Minecraft.java:541) [bao.class:?]
	at net.minecraft.client.Minecraft.func_99999_d(Minecraft.java:867) [bao.class:?]
	at net.minecraft.client.main.Main.main(SourceFile:148) [Main.class:?]
	at sun.reflect.NativeMethodAccessorImpl.invoke0(Native Method) ~[?:1.7.0_71]
	at sun.reflect.NativeMethodAccessorImpl.invoke(Unknown Source) ~[?:1.7.0_71]
	at sun.reflect.DelegatingMethodAccessorImpl.invoke(Unknown Source) ~[?:1.7.0_71]
	at java.lang.reflect.Method.invoke(Unknown Source) ~[?:1.7.0_71]
	at net.minecraft.launchwrapper.Launch.launch(Launch.java:135) [launchwrapper-1.11.jar:?]
	at net.minecraft.launchwrapper.Launch.main(Launch.java:28) [launchwrapper-1.11.jar:?]
[16:06:27] [Client thread/INFO]: Created: 2048x1024 textures/items-atlas
[16:06:30] [Client thread/ERROR]: Using missing texture, unable to load missing_icon_block_210_agricraft:textures/blocks/sprinkler.png
java.io.FileNotFoundException: missing_icon_block_210_agricraft:textures/blocks/sprinkler.png
	at net.minecraft.client.resources.SimpleReloadableResourceManager.func_110536_a(SourceFile:58) ~[brg.class:?]
	at net.minecraft.client.renderer.texture.TextureMap.func_110571_b(TextureMap.java:125) [bpz.class:?]
	at net.minecraft.client.renderer.texture.TextureMap.func_110551_a(TextureMap.java:90) [bpz.class:?]
	at net.minecraft.client.renderer.texture.TextureManager.func_110579_a(SourceFile:72) [bqf.class:?]
	at net.minecraft.client.renderer.texture.TextureManager.func_110549_a(SourceFile:136) [bqf.class:?]
	at net.minecraft.client.resources.SimpleReloadableResourceManager.func_110544_b(SourceFile:104) [brg.class:?]
	at net.minecraft.client.resources.SimpleReloadableResourceManager.func_110541_a(SourceFile:92) [brg.class:?]
	at net.minecraft.client.Minecraft.func_110436_a(Minecraft.java:598) [bao.class:?]
	at cpw.mods.fml.client.FMLClientHandler.finishMinecraftLoading(FMLClientHandler.java:303) [FMLClientHandler.class:?]
	at net.minecraft.client.Minecraft.func_71384_a(Minecraft.java:541) [bao.class:?]
	at net.minecraft.client.Minecraft.func_99999_d(Minecraft.java:867) [bao.class:?]
	at net.minecraft.client.main.Main.main(SourceFile:148) [Main.class:?]
	at sun.reflect.NativeMethodAccessorImpl.invoke0(Native Method) ~[?:1.7.0_71]
	at sun.reflect.NativeMethodAccessorImpl.invoke(Unknown Source) ~[?:1.7.0_71]
	at sun.reflect.DelegatingMethodAccessorImpl.invoke(Unknown Source) ~[?:1.7.0_71]
	at java.lang.reflect.Method.invoke(Unknown Source) ~[?:1.7.0_71]
	at net.minecraft.launchwrapper.Launch.launch(Launch.java:135) [launchwrapper-1.11.jar:?]
	at net.minecraft.launchwrapper.Launch.main(Launch.java:28) [launchwrapper-1.11.jar:?]
[16:06:31] [Client thread/ERROR]: Using missing texture, unable to load missing_icon_block_208_agricraft:textures/blocks/waterTank.png
java.io.FileNotFoundException: missing_icon_block_208_agricraft:textures/blocks/waterTank.png
	at net.minecraft.client.resources.SimpleReloadableResourceManager.func_110536_a(SourceFile:58) ~[brg.class:?]
	at net.minecraft.client.renderer.texture.TextureMap.func_110571_b(TextureMap.java:125) [bpz.class:?]
	at net.minecraft.client.renderer.texture.TextureMap.func_110551_a(TextureMap.java:90) [bpz.class:?]
	at net.minecraft.client.renderer.texture.TextureManager.func_110579_a(SourceFile:72) [bqf.class:?]
	at net.minecraft.client.renderer.texture.TextureManager.func_110549_a(SourceFile:136) [bqf.class:?]
	at net.minecraft.client.resources.SimpleReloadableResourceManager.func_110544_b(SourceFile:104) [brg.class:?]
	at net.minecraft.client.resources.SimpleReloadableResourceManager.func_110541_a(SourceFile:92) [brg.class:?]
	at net.minecraft.client.Minecraft.func_110436_a(Minecraft.java:598) [bao.class:?]
	at cpw.mods.fml.client.FMLClientHandler.finishMinecraftLoading(FMLClientHandler.java:303) [FMLClientHandler.class:?]
	at net.minecraft.client.Minecraft.func_71384_a(Minecraft.java:541) [bao.class:?]
	at net.minecraft.client.Minecraft.func_99999_d(Minecraft.java:867) [bao.class:?]
	at net.minecraft.client.main.Main.main(SourceFile:148) [Main.class:?]
	at sun.reflect.NativeMethodAccessorImpl.invoke0(Native Method) ~[?:1.7.0_71]
	at sun.reflect.NativeMethodAccessorImpl.invoke(Unknown Source) ~[?:1.7.0_71]
	at sun.reflect.DelegatingMethodAccessorImpl.invoke(Unknown Source) ~[?:1.7.0_71]
	at java.lang.reflect.Method.invoke(Unknown Source) ~[?:1.7.0_71]
	at net.minecraft.launchwrapper.Launch.launch(Launch.java:135) [launchwrapper-1.11.jar:?]
	at net.minecraft.launchwrapper.Launch.main(Launch.java:28) [launchwrapper-1.11.jar:?]
[16:06:31] [Client thread/ERROR]: Using missing texture, unable to load extracells:textures/blocks/fluid.filler.png
java.io.FileNotFoundException: extracells:textures/blocks/fluid.filler.png
	at net.minecraft.client.resources.FallbackResourceManager.func_110536_a(SourceFile:51) ~[bqq.class:?]
	at net.minecraft.client.resources.SimpleReloadableResourceManager.func_110536_a(SourceFile:55) ~[brg.class:?]
	at net.minecraft.client.renderer.texture.TextureMap.func_110571_b(TextureMap.java:125) [bpz.class:?]
	at net.minecraft.client.renderer.texture.TextureMap.func_110551_a(TextureMap.java:90) [bpz.class:?]
	at net.minecraft.client.renderer.texture.TextureManager.func_110579_a(SourceFile:72) [bqf.class:?]
	at net.minecraft.client.renderer.texture.TextureManager.func_110549_a(SourceFile:136) [bqf.class:?]
	at net.minecraft.client.resources.SimpleReloadableResourceManager.func_110544_b(SourceFile:104) [brg.class:?]
	at net.minecraft.client.resources.SimpleReloadableResourceManager.func_110541_a(SourceFile:92) [brg.class:?]
	at net.minecraft.client.Minecraft.func_110436_a(Minecraft.java:598) [bao.class:?]
	at cpw.mods.fml.client.FMLClientHandler.finishMinecraftLoading(FMLClientHandler.java:303) [FMLClientHandler.class:?]
	at net.minecraft.client.Minecraft.func_71384_a(Minecraft.java:541) [bao.class:?]
	at net.minecraft.client.Minecraft.func_99999_d(Minecraft.java:867) [bao.class:?]
	at net.minecraft.client.main.Main.main(SourceFile:148) [Main.class:?]
	at sun.reflect.NativeMethodAccessorImpl.invoke0(Native Method) ~[?:1.7.0_71]
	at sun.reflect.NativeMethodAccessorImpl.invoke(Unknown Source) ~[?:1.7.0_71]
	at sun.reflect.DelegatingMethodAccessorImpl.invoke(Unknown Source) ~[?:1.7.0_71]
	at java.lang.reflect.Method.invoke(Unknown Source) ~[?:1.7.0_71]
	at net.minecraft.launchwrapper.Launch.launch(Launch.java:135) [launchwrapper-1.11.jar:?]
	at net.minecraft.launchwrapper.Launch.main(Launch.java:28) [launchwrapper-1.11.jar:?]
[16:06:31] [Client thread/ERROR]: Using missing texture, unable to load minecraft:textures/blocks/MISSING_ICON_BLOCK_955_grc.bambooSlab.png
java.io.FileNotFoundException: minecraft:textures/blocks/MISSING_ICON_BLOCK_955_grc.bambooSlab.png
	at net.minecraft.client.resources.FallbackResourceManager.func_110536_a(SourceFile:51) ~[bqq.class:?]
	at net.minecraft.client.resources.SimpleReloadableResourceManager.func_110536_a(SourceFile:55) ~[brg.class:?]
	at net.minecraft.client.renderer.texture.TextureMap.func_110571_b(TextureMap.java:125) [bpz.class:?]
	at net.minecraft.client.renderer.texture.TextureMap.func_110551_a(TextureMap.java:90) [bpz.class:?]
	at net.minecraft.client.renderer.texture.TextureManager.func_110579_a(SourceFile:72) [bqf.class:?]
	at net.minecraft.client.renderer.texture.TextureManager.func_110549_a(SourceFile:136) [bqf.class:?]
	at net.minecraft.client.resources.SimpleReloadableResourceManager.func_110544_b(SourceFile:104) [brg.class:?]
	at net.minecraft.client.resources.SimpleReloadableResourceManager.func_110541_a(SourceFile:92) [brg.class:?]
	at net.minecraft.client.Minecraft.func_110436_a(Minecraft.java:598) [bao.class:?]
	at cpw.mods.fml.client.FMLClientHandler.finishMinecraftLoading(FMLClientHandler.java:303) [FMLClientHandler.class:?]
	at net.minecraft.client.Minecraft.func_71384_a(Minecraft.java:541) [bao.class:?]
	at net.minecraft.client.Minecraft.func_99999_d(Minecraft.java:867) [bao.class:?]
	at net.minecraft.client.main.Main.main(SourceFile:148) [Main.class:?]
	at sun.reflect.NativeMethodAccessorImpl.invoke0(Native Method) ~[?:1.7.0_71]
	at sun.reflect.NativeMethodAccessorImpl.invoke(Unknown Source) ~[?:1.7.0_71]
	at sun.reflect.DelegatingMethodAccessorImpl.invoke(Unknown Source) ~[?:1.7.0_71]
	at java.lang.reflect.Method.invoke(Unknown Source) ~[?:1.7.0_71]
	at net.minecraft.launchwrapper.Launch.launch(Launch.java:135) [launchwrapper-1.11.jar:?]
	at net.minecraft.launchwrapper.Launch.main(Launch.java:28) [launchwrapper-1.11.jar:?]
[16:06:31] [Client thread/ERROR]: Using missing texture, unable to load minecraft:textures/blocks/MISSING_ICON_BLOCK_823_extracells.block.walrus.png
java.io.FileNotFoundException: minecraft:textures/blocks/MISSING_ICON_BLOCK_823_extracells.block.walrus.png
	at net.minecraft.client.resources.FallbackResourceManager.func_110536_a(SourceFile:51) ~[bqq.class:?]
	at net.minecraft.client.resources.SimpleReloadableResourceManager.func_110536_a(SourceFile:55) ~[brg.class:?]
	at net.minecraft.client.renderer.texture.TextureMap.func_110571_b(TextureMap.java:125) [bpz.class:?]
	at net.minecraft.client.renderer.texture.TextureMap.func_110551_a(TextureMap.java:90) [bpz.class:?]
	at net.minecraft.client.renderer.texture.TextureManager.func_110579_a(SourceFile:72) [bqf.class:?]
	at net.minecraft.client.renderer.texture.TextureManager.func_110549_a(SourceFile:136) [bqf.class:?]
	at net.minecraft.client.resources.SimpleReloadableResourceManager.func_110544_b(SourceFile:104) [brg.class:?]
	at net.minecraft.client.resources.SimpleReloadableResourceManager.func_110541_a(SourceFile:92) [brg.class:?]
	at net.minecraft.client.Minecraft.func_110436_a(Minecraft.java:598) [bao.class:?]
	at cpw.mods.fml.client.FMLClientHandler.finishMinecraftLoading(FMLClientHandler.java:303) [FMLClientHandler.class:?]
	at net.minecraft.client.Minecraft.func_71384_a(Minecraft.java:541) [bao.class:?]
	at net.minecraft.client.Minecraft.func_99999_d(Minecraft.java:867) [bao.class:?]
	at net.minecraft.client.main.Main.main(SourceFile:148) [Main.class:?]
	at sun.reflect.NativeMethodAccessorImpl.invoke0(Native Method) ~[?:1.7.0_71]
	at sun.reflect.NativeMethodAccessorImpl.invoke(Unknown Source) ~[?:1.7.0_71]
	at sun.reflect.DelegatingMethodAccessorImpl.invoke(Unknown Source) ~[?:1.7.0_71]
	at java.lang.reflect.Method.invoke(Unknown Source) ~[?:1.7.0_71]
	at net.minecraft.launchwrapper.Launch.launch(Launch.java:135) [launchwrapper-1.11.jar:?]
	at net.minecraft.launchwrapper.Launch.main(Launch.java:28) [launchwrapper-1.11.jar:?]
[16:06:31] [Client thread/ERROR]: Using missing texture, unable to load nuclearcontrol:textures/blocks/light/lamp2.png
java.io.FileNotFoundException: nuclearcontrol:textures/blocks/light/lamp2.png
	at net.minecraft.client.resources.FallbackResourceManager.func_110536_a(SourceFile:51) ~[bqq.class:?]
	at net.minecraft.client.resources.SimpleReloadableResourceManager.func_110536_a(SourceFile:55) ~[brg.class:?]
	at net.minecraft.client.renderer.texture.TextureMap.func_110571_b(TextureMap.java:125) [bpz.class:?]
	at net.minecraft.client.renderer.texture.TextureMap.func_110551_a(TextureMap.java:90) [bpz.class:?]
	at net.minecraft.client.renderer.texture.TextureManager.func_110579_a(SourceFile:72) [bqf.class:?]
	at net.minecraft.client.renderer.texture.TextureManager.func_110549_a(SourceFile:136) [bqf.class:?]
	at net.minecraft.client.resources.SimpleReloadableResourceManager.func_110544_b(SourceFile:104) [brg.class:?]
	at net.minecraft.client.resources.SimpleReloadableResourceManager.func_110541_a(SourceFile:92) [brg.class:?]
	at net.minecraft.client.Minecraft.func_110436_a(Minecraft.java:598) [bao.class:?]
	at cpw.mods.fml.client.FMLClientHandler.finishMinecraftLoading(FMLClientHandler.java:303) [FMLClientHandler.class:?]
	at net.minecraft.client.Minecraft.func_71384_a(Minecraft.java:541) [bao.class:?]
	at net.minecraft.client.Minecraft.func_99999_d(Minecraft.java:867) [bao.class:?]
	at net.minecraft.client.main.Main.main(SourceFile:148) [Main.class:?]
	at sun.reflect.NativeMethodAccessorImpl.invoke0(Native Method) ~[?:1.7.0_71]
	at sun.reflect.NativeMethodAccessorImpl.invoke(Unknown Source) ~[?:1.7.0_71]
	at sun.reflect.DelegatingMethodAccessorImpl.invoke(Unknown Source) ~[?:1.7.0_71]
	at java.lang.reflect.Method.invoke(Unknown Source) ~[?:1.7.0_71]
	at net.minecraft.launchwrapper.Launch.launch(Launch.java:135) [launchwrapper-1.11.jar:?]
	at net.minecraft.launchwrapper.Launch.main(Launch.java:28) [launchwrapper-1.11.jar:?]
[16:06:31] [Client thread/ERROR]: Using missing texture, unable to load missing_icon_block_209_agricraft:textures/blocks/waterChannel.png
java.io.FileNotFoundException: missing_icon_block_209_agricraft:textures/blocks/waterChannel.png
	at net.minecraft.client.resources.SimpleReloadableResourceManager.func_110536_a(SourceFile:58) ~[brg.class:?]
	at net.minecraft.client.renderer.texture.TextureMap.func_110571_b(TextureMap.java:125) [bpz.class:?]
	at net.minecraft.client.renderer.texture.TextureMap.func_110551_a(TextureMap.java:90) [bpz.class:?]
	at net.minecraft.client.renderer.texture.TextureManager.func_110579_a(SourceFile:72) [bqf.class:?]
	at net.minecraft.client.renderer.texture.TextureManager.func_110549_a(SourceFile:136) [bqf.class:?]
	at net.minecraft.client.resources.SimpleReloadableResourceManager.func_110544_b(SourceFile:104) [brg.class:?]
	at net.minecraft.client.resources.SimpleReloadableResourceManager.func_110541_a(SourceFile:92) [brg.class:?]
	at net.minecraft.client.Minecraft.func_110436_a(Minecraft.java:598) [bao.class:?]
	at cpw.mods.fml.client.FMLClientHandler.finishMinecraftLoading(FMLClientHandler.java:303) [FMLClientHandler.class:?]
	at net.minecraft.client.Minecraft.func_71384_a(Minecraft.java:541) [bao.class:?]
	at net.minecraft.client.Minecraft.func_99999_d(Minecraft.java:867) [bao.class:?]
	at net.minecraft.client.main.Main.main(SourceFile:148) [Main.class:?]
	at sun.reflect.NativeMethodAccessorImpl.invoke0(Native Method) ~[?:1.7.0_71]
	at sun.reflect.NativeMethodAccessorImpl.invoke(Unknown Source) ~[?:1.7.0_71]
	at sun.reflect.DelegatingMethodAccessorImpl.invoke(Unknown Source) ~[?:1.7.0_71]
	at java.lang.reflect.Method.invoke(Unknown Source) ~[?:1.7.0_71]
	at net.minecraft.launchwrapper.Launch.launch(Launch.java:135) [launchwrapper-1.11.jar:?]
	at net.minecraft.launchwrapper.Launch.main(Launch.java:28) [launchwrapper-1.11.jar:?]
[16:06:32] [Client thread/ERROR]: Unable to parse metadata from agricraft:textures/blocks/seedAnalyzer.png
java.lang.RuntimeException: broken aspect ratio and not an animation
	at net.minecraft.client.renderer.texture.TextureAtlasSprite.func_147964_a(TextureAtlasSprite.java:215) ~[bqd.class:?]
	at net.minecraft.client.renderer.texture.TextureMap.func_110571_b(TextureMap.java:169) [bpz.class:?]
	at net.minecraft.client.renderer.texture.TextureMap.func_110551_a(TextureMap.java:90) [bpz.class:?]
	at net.minecraft.client.renderer.texture.TextureManager.func_110579_a(SourceFile:72) [bqf.class:?]
	at net.minecraft.client.renderer.texture.TextureManager.func_110549_a(SourceFile:136) [bqf.class:?]
	at net.minecraft.client.resources.SimpleReloadableResourceManager.func_110544_b(SourceFile:104) [brg.class:?]
	at net.minecraft.client.resources.SimpleReloadableResourceManager.func_110541_a(SourceFile:92) [brg.class:?]
	at net.minecraft.client.Minecraft.func_110436_a(Minecraft.java:598) [bao.class:?]
	at cpw.mods.fml.client.FMLClientHandler.finishMinecraftLoading(FMLClientHandler.java:303) [FMLClientHandler.class:?]
	at net.minecraft.client.Minecraft.func_71384_a(Minecraft.java:541) [bao.class:?]
	at net.minecraft.client.Minecraft.func_99999_d(Minecraft.java:867) [bao.class:?]
	at net.minecraft.client.main.Main.main(SourceFile:148) [Main.class:?]
	at sun.reflect.NativeMethodAccessorImpl.invoke0(Native Method) ~[?:1.7.0_71]
	at sun.reflect.NativeMethodAccessorImpl.invoke(Unknown Source) ~[?:1.7.0_71]
	at sun.reflect.DelegatingMethodAccessorImpl.invoke(Unknown Source) ~[?:1.7.0_71]
	at java.lang.reflect.Method.invoke(Unknown Source) ~[?:1.7.0_71]
	at net.minecraft.launchwrapper.Launch.launch(Launch.java:135) [launchwrapper-1.11.jar:?]
	at net.minecraft.launchwrapper.Launch.main(Launch.java:28) [launchwrapper-1.11.jar:?]
[16:06:32] [Client thread/ERROR]: Using missing texture, unable to load minecraft:textures/blocks/MISSING_ICON_BLOCK_954_grc.bambooSlab.png
java.io.FileNotFoundException: minecraft:textures/blocks/MISSING_ICON_BLOCK_954_grc.bambooSlab.png
	at net.minecraft.client.resources.FallbackResourceManager.func_110536_a(SourceFile:51) ~[bqq.class:?]
	at net.minecraft.client.resources.SimpleReloadableResourceManager.func_110536_a(SourceFile:55) ~[brg.class:?]
	at net.minecraft.client.renderer.texture.TextureMap.func_110571_b(TextureMap.java:125) [bpz.class:?]
	at net.minecraft.client.renderer.texture.TextureMap.func_110551_a(TextureMap.java:90) [bpz.class:?]
	at net.minecraft.client.renderer.texture.TextureManager.func_110579_a(SourceFile:72) [bqf.class:?]
	at net.minecraft.client.renderer.texture.TextureManager.func_110549_a(SourceFile:136) [bqf.class:?]
	at net.minecraft.client.resources.SimpleReloadableResourceManager.func_110544_b(SourceFile:104) [brg.class:?]
	at net.minecraft.client.resources.SimpleReloadableResourceManager.func_110541_a(SourceFile:92) [brg.class:?]
	at net.minecraft.client.Minecraft.func_110436_a(Minecraft.java:598) [bao.class:?]
	at cpw.mods.fml.client.FMLClientHandler.finishMinecraftLoading(FMLClientHandler.java:303) [FMLClientHandler.class:?]
	at net.minecraft.client.Minecraft.func_71384_a(Minecraft.java:541) [bao.class:?]
	at net.minecraft.client.Minecraft.func_99999_d(Minecraft.java:867) [bao.class:?]
	at net.minecraft.client.main.Main.main(SourceFile:148) [Main.class:?]
	at sun.reflect.NativeMethodAccessorImpl.invoke0(Native Method) ~[?:1.7.0_71]
	at sun.reflect.NativeMethodAccessorImpl.invoke(Unknown Source) ~[?:1.7.0_71]
	at sun.reflect.DelegatingMethodAccessorImpl.invoke(Unknown Source) ~[?:1.7.0_71]
	at java.lang.reflect.Method.invoke(Unknown Source) ~[?:1.7.0_71]
	at net.minecraft.launchwrapper.Launch.launch(Launch.java:135) [launchwrapper-1.11.jar:?]
	at net.minecraft.launchwrapper.Launch.main(Launch.java:28) [launchwrapper-1.11.jar:?]
[16:06:32] [Client thread/INFO]: Created: 2048x2048 textures/blocks-atlas
[16:06:33] [Sound Library Loader/INFO]: Sound engine started
[16:16:07] [Server thread/INFO]: Starting integrated minecraft server version 1.7.10
[16:16:07] [Server thread/INFO]: Generating keypair
[16:16:07] [Server thread/INFO]: Converting map!
[16:16:07] [Server thread/INFO]: Scanning folders...
[16:16:07] [Server thread/INFO]: Total conversion count is 0
[16:16:12] [Server thread/INFO]: Preparing start region for level 0
[16:16:13] [Server thread/INFO]: Preparing spawn area: 4%
[16:16:16] [Server thread/INFO]: Preparing spawn area: 5%
[16:16:17] [Server thread/INFO]: Preparing spawn area: 5%
[16:16:20] [Server thread/INFO]: Preparing spawn area: 7%
[16:16:21] [Server thread/INFO]: Preparing spawn area: 9%
[16:16:22] [Server thread/INFO]: Preparing spawn area: 10%
[16:16:24] [Server thread/INFO]: Preparing spawn area: 12%
[16:16:25] [Server thread/INFO]: Preparing spawn area: 13%
[16:16:26] [Server thread/INFO]: Preparing spawn area: 14%
[16:16:27] [Server thread/INFO]: Preparing spawn area: 15%
[16:16:28] [Server thread/INFO]: Preparing spawn area: 18%
[16:16:29] [Server thread/INFO]: Preparing spawn area: 20%
[16:16:30] [Server thread/INFO]: Preparing spawn area: 21%
[16:16:31] [Server thread/INFO]: Preparing spawn area: 23%
[16:16:32] [Server thread/INFO]: Preparing spawn area: 25%
[16:16:33] [Server thread/INFO]: Preparing spawn area: 27%
[16:16:41] [Server thread/INFO]: Preparing spawn area: 28%
[16:16:42] [Server thread/INFO]: Preparing spawn area: 29%
[16:16:43] [Server thread/INFO]: Preparing spawn area: 31%
[16:16:45] [Server thread/INFO]: Preparing spawn area: 33%
[16:16:46] [Server thread/INFO]: Preparing spawn area: 35%
[16:16:47] [Server thread/INFO]: Preparing spawn area: 37%
[16:16:48] [Server thread/INFO]: Preparing spawn area: 38%
[16:16:51] [Server thread/INFO]: Preparing spawn area: 39%
[16:16:52] [Server thread/INFO]: Preparing spawn area: 42%
[16:16:53] [Server thread/INFO]: Preparing spawn area: 44%
[16:16:54] [Server thread/INFO]: Preparing spawn area: 46%
[16:16:55] [Server thread/INFO]: Preparing spawn area: 48%
[16:16:56] [Server thread/INFO]: Preparing spawn area: 50%
[16:16:57] [Server thread/INFO]: Preparing spawn area: 51%
[16:16:58] [Server thread/INFO]: Preparing spawn area: 53%
[16:16:59] [Server thread/INFO]: Preparing spawn area: 55%
[16:17:00] [Server thread/INFO]: Preparing spawn area: 57%
[16:17:02] [Server thread/INFO]: Preparing spawn area: 59%
[16:17:04] [Server thread/INFO]: Preparing spawn area: 60%
[16:17:05] [Server thread/INFO]: Preparing spawn area: 61%
[16:17:06] [Server thread/INFO]: Preparing spawn area: 63%
[16:17:07] [Server thread/INFO]: Preparing spawn area: 65%
[16:17:08] [Server thread/INFO]: Preparing spawn area: 67%
[16:17:09] [Server thread/INFO]: Preparing spawn area: 68%
[16:17:10] [Server thread/INFO]: Preparing spawn area: 69%
[16:17:13] [Server thread/INFO]: Preparing spawn area: 71%
[16:17:14] [Server thread/INFO]: Preparing spawn area: 74%
[16:17:15] [Server thread/INFO]: Preparing spawn area: 77%
[16:17:17] [Server thread/INFO]: Preparing spawn area: 79%
[16:17:18] [Server thread/INFO]: Preparing spawn area: 81%
[16:17:19] [Server thread/INFO]: Preparing spawn area: 83%
[16:17:20] [Server thread/INFO]: Preparing spawn area: 85%
[16:17:21] [Server thread/INFO]: Preparing spawn area: 87%
[16:17:22] [Server thread/INFO]: Preparing spawn area: 89%
[16:17:23] [Server thread/INFO]: Preparing spawn area: 91%
[16:17:24] [Server thread/INFO]: Preparing spawn area: 92%
[16:17:25] [Server thread/INFO]: Preparing spawn area: 94%
[16:17:26] [Server thread/INFO]: Preparing spawn area: 97%
[16:17:27] [Server thread/INFO]: Preparing spawn area: 99%
[16:17:29] [Server thread/INFO]: QubicRage[local:E:2e419eb9] logged in with entity id 351 at (4.5, 72.0, 239.5)
[16:17:29] [Server thread/INFO]: QubicRage joined the game
[16:17:35] [Server thread/INFO]: [CHAT] Version 1.0.5.11 of MrTJPCore is available. Changes:
[16:17:35] [Server thread/INFO]: [CHAT]    --- as of v1.0.5 ---   
[16:17:35] [Server thread/INFO]: [CHAT] ADDED: Utility class for configs
[16:17:35] [Server thread/INFO]: [CHAT] ADDED: Block library
[16:17:35] [Server thread/INFO]: [CHAT] ADDED: mcmeta file
[16:17:35] [Server thread/INFO]: [CHAT]    --- as of v1.0.4 ---   
[16:17:35] [Server thread/INFO]: [CHAT] ADDED: Weighted Random resolver
[16:17:35] [Server thread/INFO]: [CHAT] ADDED: Crude cubemap rendering
[16:17:35] [Server thread/INFO]: [CHAT] ADDED: New world helper functions
[16:17:35] [Server thread/INFO]: [CHAT] ADDED: Model parsing helpder functions
[16:17:35] [Server thread/INFO]: [CHAT] ADDED: World generation and retrogen handler
[16:17:35] [Server thread/INFO]: [CHAT] ADDED: World generators
[16:17:35] [Server thread/INFO]: [CHAT] ADDED: Plant helper classes
[16:17:35] [Server thread/INFO]: [CHAT] ADDED: Perlin Noise Generator
[16:17:37] [Server thread/WARN]: Can't keep up! Did the system time change, or is the server overloaded? Running 8079ms behind, skipping 161 tick(s)
[16:17:40] [Client thread/INFO]: [CHAT] Smart Moving set to 'Medium'
[16:17:40] [Client thread/INFO]: [CHAT] Quick Hotbar 1.03 loaded. left ctrl + mouse wheel (or up & down) to scroll. left ctrl + C to switch mode. left ctrl + M to view mod settings.
[16:17:42] [Client thread/INFO]: [CHAT] InvTweaks: Configuration loaded.
[16:17:45] [Server thread/INFO]: QubicRage has just earned the achievement [Taking Inventory]
[16:17:45] [Client thread/INFO]: [CHAT] QubicRage has just earned the achievement [Taking Inventory]
[16:17:48] [Server thread/INFO]: Saving and pausing game...
[16:17:48] [Server thread/INFO]: Saving chunks for level 'New World'/Overworld
[16:18:03] [Server thread/INFO]: Saving chunks for level 'New World'/Nether
[16:18:03] [Server thread/INFO]: Saving chunks for level 'New World'/The End
[16:18:11] [Server thread/WARN]: Can't keep up! Did the system time change, or is the server overloaded? Running 24953ms behind, skipping 499 tick(s)
[16:18:14] [Server thread/INFO]: Saving and pausing game...
[16:18:14] [Server thread/INFO]: Saving chunks for level 'New World'/Overworld
[16:18:18] [Server thread/INFO]: Saving chunks for level 'New World'/Nether
[16:18:18] [Server thread/INFO]: Saving chunks for level 'New World'/The End
[16:18:18] [Server thread/WARN]: Can't keep up! Did the system time change, or is the server overloaded? Running 4287ms behind, skipping 85 tick(s)
[16:18:36] [Server thread/INFO]: Saving and pausing game...
[16:18:36] [Server thread/INFO]: Saving chunks for level 'New World'/Overworld
[16:18:36] [Server thread/INFO]: Saving chunks for level 'New World'/Nether
[16:18:36] [Server thread/INFO]: Saving chunks for level 'New World'/The End
[16:19:20] [Server thread/INFO]: Saving and pausing game...
[16:19:20] [Server thread/INFO]: Saving chunks for level 'New World'/Overworld
[16:19:20] [Server thread/INFO]: Saving chunks for level 'New World'/Nether
[16:19:20] [Server thread/INFO]: Saving chunks for level 'New World'/The End
[16:21:26] [Server thread/WARN]: Can't keep up! Did the system time change, or is the server overloaded? Running 3467ms behind, skipping 69 tick(s)
[16:21:50] [Server thread/WARN]: Can't keep up! Did the system time change, or is the server overloaded? Running 3418ms behind, skipping 68 tick(s)
[16:22:27] [Client thread/INFO]: [CHAT] You are now playing creative
[16:22:27] [Client thread/INFO]: [CHAT] Smart Moving enabled
[16:22:51] [Client thread/INFO]: [CHAT] Smart Moving speed changed to 120%
[16:22:51] [Client thread/INFO]: [CHAT] Smart Moving speed changed to 144%
[16:22:52] [Client thread/INFO]: [CHAT] Smart Moving speed changed to 173%
[16:22:55] [Server thread/WARN]: Can't keep up! Did the system time change, or is the server overloaded? Running 25982ms behind, skipping 519 tick(s)
[16:23:31] [Server thread/WARN]: Can't keep up! Did the system time change, or is the server overloaded? Running 35267ms behind, skipping 705 tick(s)
[16:24:57] [Server thread/INFO]: [QubicRage: Given [Cracked Stone Bricks] * 16 to QubicRage]
[16:24:57] [Client thread/INFO]: [CHAT] Given [Cracked Stone Bricks] * 16 to QubicRage
[16:29:01] [Client thread/INFO]: [CHAT] Day 1. 6:00
[16:29:29] [Server thread/INFO]: Saving and pausing game...
[16:29:29] [Server thread/INFO]: Saving chunks for level 'New World'/Overworld
[16:29:29] [Server thread/INFO]: Saving chunks for level 'New World'/Nether
[16:29:29] [Server thread/INFO]: Saving chunks for level 'New World'/The End
[16:29:34] [Server thread/INFO]: Saving and pausing game...
[16:29:34] [Server thread/INFO]: Saving chunks for level 'New World'/Overworld
[16:29:34] [Server thread/INFO]: Saving chunks for level 'New World'/Nether
[16:29:34] [Server thread/INFO]: Saving chunks for level 'New World'/The End
[16:30:31] [Client thread/INFO]: [CHAT] You are now playing creative+
[16:30:31] [Client thread/INFO]: [CHAT] You are now playing adventure
[16:30:31] [Client thread/INFO]: [CHAT] Smart Moving set to 'Medium'
[16:30:32] [Client thread/INFO]: [CHAT] You are now playing survival
[16:30:32] [Client thread/INFO]: [CHAT] Smart Moving set to 'Medium'
[16:31:56] [Server thread/INFO]: Saving and pausing game...
[16:31:56] [Server thread/INFO]: Saving chunks for level 'New World'/Overworld
[16:31:56] [Server thread/INFO]: Saving chunks for level 'New World'/Nether
[16:31:56] [Server thread/INFO]: Saving chunks for level 'New World'/The End
[16:31:57] [Server thread/INFO]: Stopping server
[16:31:57] [Server thread/INFO]: Saving players
[16:31:57] [Server thread/INFO]: Saving worlds
[16:31:57] [Server thread/INFO]: Saving chunks for level 'New World'/Overworld
[16:31:57] [Server thread/INFO]: Saving chunks for level 'New World'/Nether
[16:31:57] [Server thread/INFO]: Saving chunks for level 'New World'/The End
[16:32:08] [Client thread/INFO]: Stopping!
