1/11/15 4:05 PM;RIGHT_CLICK_BLOCK;QubicRage;DIM:0;262;68;445;|;26;6;44
1/11/15 4:05 PM;RIGHT_CLICK_BLOCK;QubicRage;DIM:0;260;68;444;|;26;6;44
1/11/15 4:05 PM;RIGHT_CLICK_BLOCK;QubicRage;DIM:0;261;68;445;|;26;6;44
1/11/15 4:05 PM;RIGHT_CLICK_BLOCK;QubicRage;DIM:0;260;68;445;|;26;6;44
1/11/15 4:05 PM;LEFT_CLICK_BLOCK;QubicRage;DIM:0;260;69;445;|;26;6;44
1/11/15 4:05 PM;LEFT_CLICK_BLOCK;QubicRage;DIM:0;260;68;445;|;26;6;44
1/11/15 4:05 PM;LEFT_CLICK_BLOCK;QubicRage;DIM:0;261;68;445;|;26;6;44
1/11/15 4:05 PM;LEFT_CLICK_BLOCK;QubicRage;DIM:0;261;69;445;|;26;6;44
1/11/15 4:06 PM;LEFT_CLICK_BLOCK;QubicRage;DIM:0;262;69;442;|;26;6;44
1/11/15 4:06 PM;LEFT_CLICK_BLOCK;QubicRage;DIM:0;263;69;442;|;26;6;44
1/11/15 4:06 PM;LEFT_CLICK_BLOCK;QubicRage;DIM:0;264;69;442;|;26;6;44
1/11/15 4:06 PM;LEFT_CLICK_BLOCK;QubicRage;DIM:0;263;69;441;|;26;6;44
1/11/15 4:06 PM;RIGHT_CLICK_BLOCK;QubicRage;DIM:0;264;68;441;|;26;6;44
1/11/15 4:06 PM;RIGHT_CLICK_BLOCK;QubicRage;DIM:0;264;69;441;|;26;6;44
1/11/15 4:06 PM;RIGHT_CLICK_BLOCK;QubicRage;DIM:0;262;69;440;|;26;6;44
1/11/15 4:06 PM;LEFT_CLICK_BLOCK;QubicRage;DIM:0;263;69;441;|;26;6;44
1/11/15 4:06 PM;LEFT_CLICK_BLOCK;QubicRage;DIM:0;264;69;441;|;26;6;44
1/11/15 4:06 PM;RIGHT_CLICK_BLOCK;QubicRage;DIM:0;264;68;441;|;26;6;44
1/11/15 4:06 PM;LEFT_CLICK_BLOCK;QubicRage;DIM:0;264;69;441;|;26;6;44
1/11/15 4:06 PM;RIGHT_CLICK_BLOCK;QubicRage;DIM:0;263;68;441;|;26;6;44
1/11/15 4:06 PM;RIGHT_CLICK_BLOCK;QubicRage;DIM:0;264;69;440;|;26;6;44
1/11/15 4:06 PM;RIGHT_CLICK_BLOCK;QubicRage;DIM:0;264;69;441;|;26;6;44
1/11/15 4:06 PM;RIGHT_CLICK_BLOCK;QubicRage;DIM:0;264;70;441;|;26;7;44
1/11/15 4:06 PM;RIGHT_CLICK_BLOCK;QubicRage;DIM:0;263;70;441;|;26;7;44
1/11/15 4:06 PM;RIGHT_CLICK_BLOCK;QubicRage;DIM:0;262;69;441;|;26;6;44
1/11/15 4:06 PM;RIGHT_CLICK_BLOCK;QubicRage;DIM:0;261;69;441;|;26;6;44
1/11/15 4:06 PM;LEFT_CLICK_BLOCK;QubicRage;DIM:0;262;69;442;|;26;6;44
1/11/15 4:06 PM;LEFT_CLICK_BLOCK;QubicRage;DIM:0;262;69;441;|;26;6;44
1/11/15 4:06 PM;RIGHT_CLICK_BLOCK;QubicRage;DIM:0;263;69;441;|;26;6;44
1/11/15 4:06 PM;LEFT_CLICK_BLOCK;QubicRage;DIM:0;263;69;442;|;26;6;44
1/11/15 4:06 PM;LEFT_CLICK_BLOCK;QubicRage;DIM:0;263;69;441;|;26;6;44
1/11/15 4:06 PM;RIGHT_CLICK_BLOCK;QubicRage;DIM:0;263;69;440;|;26;6;44
1/11/15 4:06 PM;RIGHT_CLICK_BLOCK;QubicRage;DIM:0;262;69;440;|;26;6;44
1/11/15 4:06 PM;LEFT_CLICK_BLOCK;QubicRage;DIM:0;264;70;441;|;26;7;44
1/11/15 4:06 PM;LEFT_CLICK_BLOCK;QubicRage;DIM:0;263;70;441;|;26;7;44
1/11/15 4:06 PM;LEFT_CLICK_BLOCK;QubicRage;DIM:0;263;69;441;|;26;6;44
1/11/15 4:06 PM;LEFT_CLICK_BLOCK;QubicRage;DIM:0;262;70;441;|;26;7;44
1/11/15 4:06 PM;LEFT_CLICK_BLOCK;QubicRage;DIM:0;264;69;441;|;26;6;44
1/11/15 4:06 PM;LEFT_CLICK_BLOCK;QubicRage;DIM:0;263;68;442;|;26;6;44
1/11/15 4:06 PM;LEFT_CLICK_BLOCK;QubicRage;DIM:0;262;69;441;|;26;6;44
1/11/15 4:06 PM;LEFT_CLICK_BLOCK;QubicRage;DIM:0;261;70;441;|;26;7;44
1/11/15 4:06 PM;LEFT_CLICK_BLOCK;QubicRage;DIM:0;261;69;441;|;26;6;44
1/11/15 4:07 PM;LEFT_CLICK_BLOCK;QubicRage;DIM:0;249;74;489;|;24;7;48
1/11/15 4:07 PM;LEFT_CLICK_BLOCK;QubicRage;DIM:0;251;73;490;|;25;7;49
1/11/15 4:07 PM;LEFT_CLICK_BLOCK;QubicRage;DIM:0;252;73;488;|;25;7;48
1/11/15 4:07 PM;LEFT_CLICK_BLOCK;QubicRage;DIM:0;251;73;489;|;25;7;48
1/11/15 4:07 PM;LEFT_CLICK_BLOCK;QubicRage;DIM:0;251;73;488;|;25;7;48
1/11/15 4:07 PM;LEFT_CLICK_BLOCK;QubicRage;DIM:0;250;73;489;|;25;7;48
1/11/15 4:07 PM;LEFT_CLICK_BLOCK;QubicRage;DIM:0;253;74;485;|;25;7;48
